ERROR - 2023-01-27 13:59:45 --> Error connecting to the database: MySQL server has gone away
CRITICAL - 2023-01-27 13:59:45 --> Unable to connect to the database.
Main connection [MySQLi]: MySQL server has gone away
#0 C:\xampp\htdocs\eVote\system\Database\BaseConnection.php(625): CodeIgniter\Database\BaseConnection->initialize()
#1 C:\xampp\htdocs\eVote\app\Models\UservoteModel.php(11): CodeIgniter\Database\BaseConnection->query('SELECT * FROM m...', Array)
#2 C:\xampp\htdocs\eVote\app\Controllers\Main.php(46): App\Models\UservoteModel->getUserVote('600509')
#3 C:\xampp\htdocs\eVote\system\CodeIgniter.php(928): App\Controllers\Main->sendOTP()
#4 C:\xampp\htdocs\eVote\system\CodeIgniter.php(436): CodeIgniter\CodeIgniter->runController(Object(App\Controllers\Main))
#5 C:\xampp\htdocs\eVote\system\CodeIgniter.php(336): CodeIgniter\CodeIgniter->handleRequest(NULL, Object(Config\Cache), false)
#6 C:\xampp\htdocs\eVote\index.php(45): CodeIgniter\CodeIgniter->run()
#7 {main}
ERROR - 2023-01-27 13:59:59 --> Error connecting to the database: MySQL server has gone away
CRITICAL - 2023-01-27 13:59:59 --> Unable to connect to the database.
Main connection [MySQLi]: MySQL server has gone away
#0 C:\xampp\htdocs\eVote\system\Database\BaseConnection.php(625): CodeIgniter\Database\BaseConnection->initialize()
#1 C:\xampp\htdocs\eVote\app\Models\UservoteModel.php(11): CodeIgniter\Database\BaseConnection->query('SELECT * FROM m...', Array)
#2 C:\xampp\htdocs\eVote\app\Controllers\Main.php(46): App\Models\UservoteModel->getUserVote('600509')
#3 C:\xampp\htdocs\eVote\system\CodeIgniter.php(928): App\Controllers\Main->sendOTP()
#4 C:\xampp\htdocs\eVote\system\CodeIgniter.php(436): CodeIgniter\CodeIgniter->runController(Object(App\Controllers\Main))
#5 C:\xampp\htdocs\eVote\system\CodeIgniter.php(336): CodeIgniter\CodeIgniter->handleRequest(NULL, Object(Config\Cache), false)
#6 C:\xampp\htdocs\eVote\index.php(45): CodeIgniter\CodeIgniter->run()
#7 {main}
ERROR - 2023-01-27 14:00:06 --> Error connecting to the database: MySQL server has gone away
CRITICAL - 2023-01-27 14:00:06 --> Unable to connect to the database.
Main connection [MySQLi]: MySQL server has gone away
#0 C:\xampp\htdocs\eVote\system\Database\BaseConnection.php(625): CodeIgniter\Database\BaseConnection->initialize()
#1 C:\xampp\htdocs\eVote\app\Models\UservoteModel.php(11): CodeIgniter\Database\BaseConnection->query('SELECT * FROM m...', Array)
#2 C:\xampp\htdocs\eVote\app\Controllers\Main.php(46): App\Models\UservoteModel->getUserVote('600509')
#3 C:\xampp\htdocs\eVote\system\CodeIgniter.php(928): App\Controllers\Main->sendOTP()
#4 C:\xampp\htdocs\eVote\system\CodeIgniter.php(436): CodeIgniter\CodeIgniter->runController(Object(App\Controllers\Main))
#5 C:\xampp\htdocs\eVote\system\CodeIgniter.php(336): CodeIgniter\CodeIgniter->handleRequest(NULL, Object(Config\Cache), false)
#6 C:\xampp\htdocs\eVote\index.php(45): CodeIgniter\CodeIgniter->run()
#7 {main}
CRITICAL - 2023-01-27 14:18:10 --> Call to undefined method App\Controllers\Main::session()
#0 C:\xampp\htdocs\eVote\system\CodeIgniter.php(928): App\Controllers\Main->submitForm()
#1 C:\xampp\htdocs\eVote\system\CodeIgniter.php(436): CodeIgniter\CodeIgniter->runController(Object(App\Controllers\Main))
#2 C:\xampp\htdocs\eVote\system\CodeIgniter.php(336): CodeIgniter\CodeIgniter->handleRequest(NULL, Object(Config\Cache), false)
#3 C:\xampp\htdocs\eVote\index.php(45): CodeIgniter\CodeIgniter->run()
#4 {main}
CRITICAL - 2023-01-27 14:18:37 --> Call to undefined method CodeIgniter\Session\Session::user()
#0 C:\xampp\htdocs\eVote\system\CodeIgniter.php(928): App\Controllers\Main->submitForm()
#1 C:\xampp\htdocs\eVote\system\CodeIgniter.php(436): CodeIgniter\CodeIgniter->runController(Object(App\Controllers\Main))
#2 C:\xampp\htdocs\eVote\system\CodeIgniter.php(336): CodeIgniter\CodeIgniter->handleRequest(NULL, Object(Config\Cache), false)
#3 C:\xampp\htdocs\eVote\index.php(45): CodeIgniter\CodeIgniter->run()
#4 {main}
CRITICAL - 2023-01-27 14:18:58 --> Undefined index: user
#0 C:\xampp\htdocs\eVote\app\Controllers\Main.php(164): CodeIgniter\Debug\Exceptions->errorHandler(8, 'Undefined index...', 'C:\\xampp\\htdocs...', 164, Array)
#1 C:\xampp\htdocs\eVote\system\CodeIgniter.php(928): App\Controllers\Main->submitForm()
#2 C:\xampp\htdocs\eVote\system\CodeIgniter.php(436): CodeIgniter\CodeIgniter->runController(Object(App\Controllers\Main))
#3 C:\xampp\htdocs\eVote\system\CodeIgniter.php(336): CodeIgniter\CodeIgniter->handleRequest(NULL, Object(Config\Cache), false)
#4 C:\xampp\htdocs\eVote\index.php(45): CodeIgniter\CodeIgniter->run()
#5 {main}
