CRITICAL - 2022-11-10 02:08:00 --> Too few arguments to function App\Controllers\Kurs\Modal::getKursModalByCurrency(), 1 passed in D:\xampp\htdocs\moneychanger\Web\system\CodeIgniter.php on line 928 and exactly 2 expected
#0 D:\xampp\htdocs\moneychanger\Web\system\CodeIgniter.php(928): App\Controllers\Kurs\Modal->getKursModalByCurrency('31')
#1 D:\xampp\htdocs\moneychanger\Web\system\CodeIgniter.php(436): CodeIgniter\CodeIgniter->runController(Object(App\Controllers\Kurs\Modal))
#2 D:\xampp\htdocs\moneychanger\Web\system\CodeIgniter.php(336): CodeIgniter\CodeIgniter->handleRequest(NULL, Object(Config\Cache), false)
#3 D:\xampp\htdocs\moneychanger\Web\index.php(45): CodeIgniter\CodeIgniter->run()
#4 {main}
CRITICAL - 2022-11-10 02:27:30 --> Too few arguments to function App\Controllers\Kurs\Modal::getKursModalByCurrency(), 1 passed in D:\xampp\htdocs\moneychanger\Web\system\CodeIgniter.php on line 928 and exactly 2 expected
#0 D:\xampp\htdocs\moneychanger\Web\system\CodeIgniter.php(928): App\Controllers\Kurs\Modal->getKursModalByCurrency('31')
#1 D:\xampp\htdocs\moneychanger\Web\system\CodeIgniter.php(436): CodeIgniter\CodeIgniter->runController(Object(App\Controllers\Kurs\Modal))
#2 D:\xampp\htdocs\moneychanger\Web\system\CodeIgniter.php(336): CodeIgniter\CodeIgniter->handleRequest(NULL, Object(Config\Cache), false)
#3 D:\xampp\htdocs\moneychanger\Web\index.php(45): CodeIgniter\CodeIgniter->run()
#4 {main}
CRITICAL - 2022-11-10 02:57:21 --> Too few arguments to function App\Controllers\Kurs\Modal::getKursModalByCurrency(), 1 passed in D:\xampp\htdocs\moneychanger\Web\system\CodeIgniter.php on line 928 and exactly 2 expected
#0 D:\xampp\htdocs\moneychanger\Web\system\CodeIgniter.php(928): App\Controllers\Kurs\Modal->getKursModalByCurrency('31')
#1 D:\xampp\htdocs\moneychanger\Web\system\CodeIgniter.php(436): CodeIgniter\CodeIgniter->runController(Object(App\Controllers\Kurs\Modal))
#2 D:\xampp\htdocs\moneychanger\Web\system\CodeIgniter.php(336): CodeIgniter\CodeIgniter->handleRequest(NULL, Object(Config\Cache), false)
#3 D:\xampp\htdocs\moneychanger\Web\index.php(45): CodeIgniter\CodeIgniter->run()
#4 {main}
CRITICAL - 2022-11-10 02:58:06 --> Too few arguments to function App\Controllers\Kurs\Modal::getKursModalByCurrency(), 1 passed in D:\xampp\htdocs\moneychanger\Web\system\CodeIgniter.php on line 928 and exactly 2 expected
#0 D:\xampp\htdocs\moneychanger\Web\system\CodeIgniter.php(928): App\Controllers\Kurs\Modal->getKursModalByCurrency('31')
#1 D:\xampp\htdocs\moneychanger\Web\system\CodeIgniter.php(436): CodeIgniter\CodeIgniter->runController(Object(App\Controllers\Kurs\Modal))
#2 D:\xampp\htdocs\moneychanger\Web\system\CodeIgniter.php(336): CodeIgniter\CodeIgniter->handleRequest(NULL, Object(Config\Cache), false)
#3 D:\xampp\htdocs\moneychanger\Web\index.php(45): CodeIgniter\CodeIgniter->run()
#4 {main}
CRITICAL - 2022-11-10 03:00:03 --> Undefined variable: uri
#0 D:\xampp\htdocs\moneychanger\Web\app\Controllers\Kas\Geser.php(411): CodeIgniter\Debug\Exceptions->errorHandler(8, 'Undefined varia...', 'D:\\xampp\\htdocs...', 411, Array)
#1 D:\xampp\htdocs\moneychanger\Web\system\CodeIgniter.php(928): App\Controllers\Kas\Geser->postbackCreate()
#2 D:\xampp\htdocs\moneychanger\Web\system\CodeIgniter.php(436): CodeIgniter\CodeIgniter->runController(Object(App\Controllers\Kas\Geser))
#3 D:\xampp\htdocs\moneychanger\Web\system\CodeIgniter.php(336): CodeIgniter\CodeIgniter->handleRequest(NULL, Object(Config\Cache), false)
#4 D:\xampp\htdocs\moneychanger\Web\index.php(45): CodeIgniter\CodeIgniter->run()
#5 {main}
CRITICAL - 2022-11-10 03:00:56 --> Too few arguments to function App\Controllers\Kurs\Modal::getKursModalByCurrency(), 1 passed in D:\xampp\htdocs\moneychanger\Web\system\CodeIgniter.php on line 928 and exactly 2 expected
#0 D:\xampp\htdocs\moneychanger\Web\system\CodeIgniter.php(928): App\Controllers\Kurs\Modal->getKursModalByCurrency('31')
#1 D:\xampp\htdocs\moneychanger\Web\system\CodeIgniter.php(436): CodeIgniter\CodeIgniter->runController(Object(App\Controllers\Kurs\Modal))
#2 D:\xampp\htdocs\moneychanger\Web\system\CodeIgniter.php(336): CodeIgniter\CodeIgniter->handleRequest(NULL, Object(Config\Cache), false)
#3 D:\xampp\htdocs\moneychanger\Web\index.php(45): CodeIgniter\CodeIgniter->run()
#4 {main}
CRITICAL - 2022-11-10 03:01:19 --> Too few arguments to function App\Controllers\Kurs\Modal::getKursModalByCurrency(), 1 passed in D:\xampp\htdocs\moneychanger\Web\system\CodeIgniter.php on line 928 and exactly 2 expected
#0 D:\xampp\htdocs\moneychanger\Web\system\CodeIgniter.php(928): App\Controllers\Kurs\Modal->getKursModalByCurrency('31')
#1 D:\xampp\htdocs\moneychanger\Web\system\CodeIgniter.php(436): CodeIgniter\CodeIgniter->runController(Object(App\Controllers\Kurs\Modal))
#2 D:\xampp\htdocs\moneychanger\Web\system\CodeIgniter.php(336): CodeIgniter\CodeIgniter->handleRequest(NULL, Object(Config\Cache), false)
#3 D:\xampp\htdocs\moneychanger\Web\index.php(45): CodeIgniter\CodeIgniter->run()
#4 {main}
CRITICAL - 2022-11-10 03:02:08 --> copy(https://tfapi.dev.bri.co.id/moneychanger-file/Geser%20Kas/MoneyChanger-file-Geser%20Kas-2006.pdf): failed to open stream: HTTP request failed! HTTP/1.1 404 Not Found

#0 [internal function]: CodeIgniter\Debug\Exceptions->errorHandler(2, 'copy(https://tf...', 'D:\\xampp\\htdocs...', 49, Array)
#1 D:\xampp\htdocs\moneychanger\Web\app\Controllers\Download.php(49): copy('https://tfapi.d...', 'D:\\xampp\\htdocs...', Resource id #126)
#2 D:\xampp\htdocs\moneychanger\Web\system\CodeIgniter.php(928): App\Controllers\Download->index()
#3 D:\xampp\htdocs\moneychanger\Web\system\CodeIgniter.php(436): CodeIgniter\CodeIgniter->runController(Object(App\Controllers\Download))
#4 D:\xampp\htdocs\moneychanger\Web\system\CodeIgniter.php(336): CodeIgniter\CodeIgniter->handleRequest(NULL, Object(Config\Cache), false)
#5 D:\xampp\htdocs\moneychanger\Web\index.php(45): CodeIgniter\CodeIgniter->run()
#6 {main}
CRITICAL - 2022-11-10 03:02:37 --> copy(https://tfapi.dev.bri.co.id/moneychanger-file/Geser%20Kas/MoneyChanger-file-Geser%20Kas-2006.pdf): failed to open stream: HTTP request failed! HTTP/1.1 404 Not Found

#0 [internal function]: CodeIgniter\Debug\Exceptions->errorHandler(2, 'copy(https://tf...', 'D:\\xampp\\htdocs...', 49, Array)
#1 D:\xampp\htdocs\moneychanger\Web\app\Controllers\Download.php(49): copy('https://tfapi.d...', 'D:\\xampp\\htdocs...', Resource id #126)
#2 D:\xampp\htdocs\moneychanger\Web\system\CodeIgniter.php(928): App\Controllers\Download->index()
#3 D:\xampp\htdocs\moneychanger\Web\system\CodeIgniter.php(436): CodeIgniter\CodeIgniter->runController(Object(App\Controllers\Download))
#4 D:\xampp\htdocs\moneychanger\Web\system\CodeIgniter.php(336): CodeIgniter\CodeIgniter->handleRequest(NULL, Object(Config\Cache), false)
#5 D:\xampp\htdocs\moneychanger\Web\index.php(45): CodeIgniter\CodeIgniter->run()
#6 {main}
CRITICAL - 2022-11-10 03:03:27 --> copy(http://localhost:8000/moneychanger-file/Geser%20Kas/MoneyChanger-file-Geser%20Kas-2006.pdf): failed to open stream: HTTP request failed! HTTP/1.1 404 Not Found

#0 [internal function]: CodeIgniter\Debug\Exceptions->errorHandler(2, 'copy(http://loc...', 'D:\\xampp\\htdocs...', 49, Array)
#1 D:\xampp\htdocs\moneychanger\Web\app\Controllers\Download.php(49): copy('http://localhos...', 'D:\\xampp\\htdocs...', Resource id #126)
#2 D:\xampp\htdocs\moneychanger\Web\system\CodeIgniter.php(928): App\Controllers\Download->index()
#3 D:\xampp\htdocs\moneychanger\Web\system\CodeIgniter.php(436): CodeIgniter\CodeIgniter->runController(Object(App\Controllers\Download))
#4 D:\xampp\htdocs\moneychanger\Web\system\CodeIgniter.php(336): CodeIgniter\CodeIgniter->handleRequest(NULL, Object(Config\Cache), false)
#5 D:\xampp\htdocs\moneychanger\Web\index.php(45): CodeIgniter\CodeIgniter->run()
#6 {main}
CRITICAL - 2022-11-10 03:03:28 --> copy(http://localhost:8000/moneychanger-file/Geser%20Kas/MoneyChanger-file-Geser%20Kas-2006.pdf): failed to open stream: HTTP request failed! HTTP/1.1 404 Not Found

#0 [internal function]: CodeIgniter\Debug\Exceptions->errorHandler(2, 'copy(http://loc...', 'D:\\xampp\\htdocs...', 49, Array)
#1 D:\xampp\htdocs\moneychanger\Web\app\Controllers\Download.php(49): copy('http://localhos...', 'D:\\xampp\\htdocs...', Resource id #126)
#2 D:\xampp\htdocs\moneychanger\Web\system\CodeIgniter.php(928): App\Controllers\Download->index()
#3 D:\xampp\htdocs\moneychanger\Web\system\CodeIgniter.php(436): CodeIgniter\CodeIgniter->runController(Object(App\Controllers\Download))
#4 D:\xampp\htdocs\moneychanger\Web\system\CodeIgniter.php(336): CodeIgniter\CodeIgniter->handleRequest(NULL, Object(Config\Cache), false)
#5 D:\xampp\htdocs\moneychanger\Web\index.php(45): CodeIgniter\CodeIgniter->run()
#6 {main}
CRITICAL - 2022-11-10 03:05:52 --> Too few arguments to function App\Controllers\Kurs\Modal::getKursModalByCurrency(), 1 passed in D:\xampp\htdocs\moneychanger\Web\system\CodeIgniter.php on line 928 and exactly 2 expected
#0 D:\xampp\htdocs\moneychanger\Web\system\CodeIgniter.php(928): App\Controllers\Kurs\Modal->getKursModalByCurrency('31')
#1 D:\xampp\htdocs\moneychanger\Web\system\CodeIgniter.php(436): CodeIgniter\CodeIgniter->runController(Object(App\Controllers\Kurs\Modal))
#2 D:\xampp\htdocs\moneychanger\Web\system\CodeIgniter.php(336): CodeIgniter\CodeIgniter->handleRequest(NULL, Object(Config\Cache), false)
#3 D:\xampp\htdocs\moneychanger\Web\index.php(45): CodeIgniter\CodeIgniter->run()
#4 {main}
CRITICAL - 2022-11-10 03:09:29 --> Too few arguments to function App\Controllers\Kurs\Modal::getKursModalByCurrency(), 1 passed in D:\xampp\htdocs\moneychanger\Web\system\CodeIgniter.php on line 928 and exactly 2 expected
#0 D:\xampp\htdocs\moneychanger\Web\system\CodeIgniter.php(928): App\Controllers\Kurs\Modal->getKursModalByCurrency('31')
#1 D:\xampp\htdocs\moneychanger\Web\system\CodeIgniter.php(436): CodeIgniter\CodeIgniter->runController(Object(App\Controllers\Kurs\Modal))
#2 D:\xampp\htdocs\moneychanger\Web\system\CodeIgniter.php(336): CodeIgniter\CodeIgniter->handleRequest(NULL, Object(Config\Cache), false)
#3 D:\xampp\htdocs\moneychanger\Web\index.php(45): CodeIgniter\CodeIgniter->run()
#4 {main}
CRITICAL - 2022-11-10 03:10:59 --> copy(http://localhost:8000/moneychanger-file/Geser%20Kas/MoneyChanger-file-Geser%20Kas-2007.pdf): failed to open stream: HTTP request failed! HTTP/1.1 404 Not Found

#0 [internal function]: CodeIgniter\Debug\Exceptions->errorHandler(2, 'copy(http://loc...', 'D:\\xampp\\htdocs...', 49, Array)
#1 D:\xampp\htdocs\moneychanger\Web\app\Controllers\Download.php(49): copy('http://localhos...', 'D:\\xampp\\htdocs...', Resource id #126)
#2 D:\xampp\htdocs\moneychanger\Web\system\CodeIgniter.php(928): App\Controllers\Download->index()
#3 D:\xampp\htdocs\moneychanger\Web\system\CodeIgniter.php(436): CodeIgniter\CodeIgniter->runController(Object(App\Controllers\Download))
#4 D:\xampp\htdocs\moneychanger\Web\system\CodeIgniter.php(336): CodeIgniter\CodeIgniter->handleRequest(NULL, Object(Config\Cache), false)
#5 D:\xampp\htdocs\moneychanger\Web\index.php(45): CodeIgniter\CodeIgniter->run()
#6 {main}
CRITICAL - 2022-11-10 03:11:20 --> copy(http://localhost:8000/moneychanger-file/Geser%20Kas/MoneyChanger-file-Geser%20Kas-2007.pdf): failed to open stream: HTTP request failed! HTTP/1.1 404 Not Found

#0 [internal function]: CodeIgniter\Debug\Exceptions->errorHandler(2, 'copy(http://loc...', 'D:\\xampp\\htdocs...', 49, Array)
#1 D:\xampp\htdocs\moneychanger\Web\app\Controllers\Download.php(49): copy('http://localhos...', 'D:\\xampp\\htdocs...', Resource id #126)
#2 D:\xampp\htdocs\moneychanger\Web\system\CodeIgniter.php(928): App\Controllers\Download->index()
#3 D:\xampp\htdocs\moneychanger\Web\system\CodeIgniter.php(436): CodeIgniter\CodeIgniter->runController(Object(App\Controllers\Download))
#4 D:\xampp\htdocs\moneychanger\Web\system\CodeIgniter.php(336): CodeIgniter\CodeIgniter->handleRequest(NULL, Object(Config\Cache), false)
#5 D:\xampp\htdocs\moneychanger\Web\index.php(45): CodeIgniter\CodeIgniter->run()
#6 {main}
CRITICAL - 2022-11-10 03:19:19 --> Too few arguments to function App\Controllers\Kurs\Modal::getKursModalByCurrency(), 1 passed in D:\xampp\htdocs\moneychanger\Web\system\CodeIgniter.php on line 928 and exactly 2 expected
#0 D:\xampp\htdocs\moneychanger\Web\system\CodeIgniter.php(928): App\Controllers\Kurs\Modal->getKursModalByCurrency('31')
#1 D:\xampp\htdocs\moneychanger\Web\system\CodeIgniter.php(436): CodeIgniter\CodeIgniter->runController(Object(App\Controllers\Kurs\Modal))
#2 D:\xampp\htdocs\moneychanger\Web\system\CodeIgniter.php(336): CodeIgniter\CodeIgniter->handleRequest(NULL, Object(Config\Cache), false)
#3 D:\xampp\htdocs\moneychanger\Web\index.php(45): CodeIgniter\CodeIgniter->run()
#4 {main}
CRITICAL - 2022-11-10 03:21:43 --> Too few arguments to function App\Controllers\Kurs\Modal::getKursModalByCurrency(), 1 passed in D:\xampp\htdocs\moneychanger\Web\system\CodeIgniter.php on line 928 and exactly 2 expected
#0 D:\xampp\htdocs\moneychanger\Web\system\CodeIgniter.php(928): App\Controllers\Kurs\Modal->getKursModalByCurrency('31')
#1 D:\xampp\htdocs\moneychanger\Web\system\CodeIgniter.php(436): CodeIgniter\CodeIgniter->runController(Object(App\Controllers\Kurs\Modal))
#2 D:\xampp\htdocs\moneychanger\Web\system\CodeIgniter.php(336): CodeIgniter\CodeIgniter->handleRequest(NULL, Object(Config\Cache), false)
#3 D:\xampp\htdocs\moneychanger\Web\index.php(45): CodeIgniter\CodeIgniter->run()
#4 {main}
CRITICAL - 2022-11-10 03:29:22 --> Too few arguments to function App\Controllers\Kurs\Modal::getKursModalByCurrency(), 1 passed in D:\xampp\htdocs\moneychanger\Web\system\CodeIgniter.php on line 928 and exactly 2 expected
#0 D:\xampp\htdocs\moneychanger\Web\system\CodeIgniter.php(928): App\Controllers\Kurs\Modal->getKursModalByCurrency('31')
#1 D:\xampp\htdocs\moneychanger\Web\system\CodeIgniter.php(436): CodeIgniter\CodeIgniter->runController(Object(App\Controllers\Kurs\Modal))
#2 D:\xampp\htdocs\moneychanger\Web\system\CodeIgniter.php(336): CodeIgniter\CodeIgniter->handleRequest(NULL, Object(Config\Cache), false)
#3 D:\xampp\htdocs\moneychanger\Web\index.php(45): CodeIgniter\CodeIgniter->run()
#4 {main}
CRITICAL - 2022-11-10 03:30:30 --> Too few arguments to function App\Controllers\Kurs\Modal::getKursModalByCurrency(), 1 passed in D:\xampp\htdocs\moneychanger\Web\system\CodeIgniter.php on line 928 and exactly 2 expected
#0 D:\xampp\htdocs\moneychanger\Web\system\CodeIgniter.php(928): App\Controllers\Kurs\Modal->getKursModalByCurrency('31')
#1 D:\xampp\htdocs\moneychanger\Web\system\CodeIgniter.php(436): CodeIgniter\CodeIgniter->runController(Object(App\Controllers\Kurs\Modal))
#2 D:\xampp\htdocs\moneychanger\Web\system\CodeIgniter.php(336): CodeIgniter\CodeIgniter->handleRequest(NULL, Object(Config\Cache), false)
#3 D:\xampp\htdocs\moneychanger\Web\index.php(45): CodeIgniter\CodeIgniter->run()
#4 {main}
CRITICAL - 2022-11-10 03:30:42 --> Too few arguments to function App\Controllers\Kurs\Modal::getKursModalByCurrency(), 1 passed in D:\xampp\htdocs\moneychanger\Web\system\CodeIgniter.php on line 928 and exactly 2 expected
#0 D:\xampp\htdocs\moneychanger\Web\system\CodeIgniter.php(928): App\Controllers\Kurs\Modal->getKursModalByCurrency('31')
#1 D:\xampp\htdocs\moneychanger\Web\system\CodeIgniter.php(436): CodeIgniter\CodeIgniter->runController(Object(App\Controllers\Kurs\Modal))
#2 D:\xampp\htdocs\moneychanger\Web\system\CodeIgniter.php(336): CodeIgniter\CodeIgniter->handleRequest(NULL, Object(Config\Cache), false)
#3 D:\xampp\htdocs\moneychanger\Web\index.php(45): CodeIgniter\CodeIgniter->run()
#4 {main}
CRITICAL - 2022-11-10 03:31:05 --> Too few arguments to function App\Controllers\Kurs\Modal::getKursModalByCurrency(), 1 passed in D:\xampp\htdocs\moneychanger\Web\system\CodeIgniter.php on line 928 and exactly 2 expected
#0 D:\xampp\htdocs\moneychanger\Web\system\CodeIgniter.php(928): App\Controllers\Kurs\Modal->getKursModalByCurrency('31')
#1 D:\xampp\htdocs\moneychanger\Web\system\CodeIgniter.php(436): CodeIgniter\CodeIgniter->runController(Object(App\Controllers\Kurs\Modal))
#2 D:\xampp\htdocs\moneychanger\Web\system\CodeIgniter.php(336): CodeIgniter\CodeIgniter->handleRequest(NULL, Object(Config\Cache), false)
#3 D:\xampp\htdocs\moneychanger\Web\index.php(45): CodeIgniter\CodeIgniter->run()
#4 {main}
CRITICAL - 2022-11-10 03:31:15 --> Too few arguments to function App\Controllers\Kurs\Modal::getKursModalByCurrency(), 1 passed in D:\xampp\htdocs\moneychanger\Web\system\CodeIgniter.php on line 928 and exactly 2 expected
#0 D:\xampp\htdocs\moneychanger\Web\system\CodeIgniter.php(928): App\Controllers\Kurs\Modal->getKursModalByCurrency('31')
#1 D:\xampp\htdocs\moneychanger\Web\system\CodeIgniter.php(436): CodeIgniter\CodeIgniter->runController(Object(App\Controllers\Kurs\Modal))
#2 D:\xampp\htdocs\moneychanger\Web\system\CodeIgniter.php(336): CodeIgniter\CodeIgniter->handleRequest(NULL, Object(Config\Cache), false)
#3 D:\xampp\htdocs\moneychanger\Web\index.php(45): CodeIgniter\CodeIgniter->run()
#4 {main}
CRITICAL - 2022-11-10 03:50:18 --> Header may not contain more than a single header, new line detected
#0 [internal function]: CodeIgniter\Debug\Exceptions->errorHandler(2, 'Header may not ...', 'D:\\xampp\\htdocs...', 499, Array)
#1 D:\xampp\htdocs\moneychanger\Web\system\HTTP\ResponseTrait.php(499): header('Cache-control: ...', false, 307)
#2 D:\xampp\htdocs\moneychanger\Web\system\HTTP\ResponseTrait.php(466): CodeIgniter\HTTP\Response->sendHeaders()
#3 D:\xampp\htdocs\moneychanger\Web\system\CodeIgniter.php(1114): CodeIgniter\HTTP\Response->send()
#4 D:\xampp\htdocs\moneychanger\Web\system\CodeIgniter.php(480): CodeIgniter\CodeIgniter->sendResponse()
#5 D:\xampp\htdocs\moneychanger\Web\system\CodeIgniter.php(336): CodeIgniter\CodeIgniter->handleRequest(NULL, Object(Config\Cache), false)
#6 D:\xampp\htdocs\moneychanger\Web\index.php(45): CodeIgniter\CodeIgniter->run()
#7 {main}
CRITICAL - 2022-11-10 03:50:18 --> Header may not contain more than a single header, new line detected
#0 [internal function]: CodeIgniter\Debug\Exceptions->errorHandler(2, 'Header may not ...', 'D:\\xampp\\htdocs...', 499, Array)
#1 D:\xampp\htdocs\moneychanger\Web\system\HTTP\ResponseTrait.php(499): header('Cache-control: ...', false, 307)
#2 D:\xampp\htdocs\moneychanger\Web\system\HTTP\ResponseTrait.php(466): CodeIgniter\HTTP\Response->sendHeaders()
#3 D:\xampp\htdocs\moneychanger\Web\system\CodeIgniter.php(1114): CodeIgniter\HTTP\Response->send()
#4 D:\xampp\htdocs\moneychanger\Web\system\CodeIgniter.php(480): CodeIgniter\CodeIgniter->sendResponse()
#5 D:\xampp\htdocs\moneychanger\Web\system\CodeIgniter.php(336): CodeIgniter\CodeIgniter->handleRequest(NULL, Object(Config\Cache), false)
#6 D:\xampp\htdocs\moneychanger\Web\index.php(45): CodeIgniter\CodeIgniter->run()
#7 {main}
CRITICAL - 2022-11-10 03:50:25 --> Header may not contain more than a single header, new line detected
#0 [internal function]: CodeIgniter\Debug\Exceptions->errorHandler(2, 'Header may not ...', 'D:\\xampp\\htdocs...', 499, Array)
#1 D:\xampp\htdocs\moneychanger\Web\system\HTTP\ResponseTrait.php(499): header('Cache-control: ...', false, 307)
#2 D:\xampp\htdocs\moneychanger\Web\system\HTTP\ResponseTrait.php(466): CodeIgniter\HTTP\Response->sendHeaders()
#3 D:\xampp\htdocs\moneychanger\Web\system\CodeIgniter.php(1114): CodeIgniter\HTTP\Response->send()
#4 D:\xampp\htdocs\moneychanger\Web\system\CodeIgniter.php(480): CodeIgniter\CodeIgniter->sendResponse()
#5 D:\xampp\htdocs\moneychanger\Web\system\CodeIgniter.php(336): CodeIgniter\CodeIgniter->handleRequest(NULL, Object(Config\Cache), false)
#6 D:\xampp\htdocs\moneychanger\Web\index.php(45): CodeIgniter\CodeIgniter->run()
#7 {main}
CRITICAL - 2022-11-10 03:50:25 --> Header may not contain more than a single header, new line detected
#0 [internal function]: CodeIgniter\Debug\Exceptions->errorHandler(2, 'Header may not ...', 'D:\\xampp\\htdocs...', 499, Array)
#1 D:\xampp\htdocs\moneychanger\Web\system\HTTP\ResponseTrait.php(499): header('Cache-control: ...', false, 307)
#2 D:\xampp\htdocs\moneychanger\Web\system\HTTP\ResponseTrait.php(466): CodeIgniter\HTTP\Response->sendHeaders()
#3 D:\xampp\htdocs\moneychanger\Web\system\CodeIgniter.php(1114): CodeIgniter\HTTP\Response->send()
#4 D:\xampp\htdocs\moneychanger\Web\system\CodeIgniter.php(480): CodeIgniter\CodeIgniter->sendResponse()
#5 D:\xampp\htdocs\moneychanger\Web\system\CodeIgniter.php(336): CodeIgniter\CodeIgniter->handleRequest(NULL, Object(Config\Cache), false)
#6 D:\xampp\htdocs\moneychanger\Web\index.php(45): CodeIgniter\CodeIgniter->run()
#7 {main}
CRITICAL - 2022-11-10 04:06:31 --> Too few arguments to function App\Controllers\Kurs\Modal::getKursModalByCurrency(), 1 passed in D:\xampp\htdocs\moneychanger\Web\system\CodeIgniter.php on line 928 and exactly 2 expected
#0 D:\xampp\htdocs\moneychanger\Web\system\CodeIgniter.php(928): App\Controllers\Kurs\Modal->getKursModalByCurrency('31')
#1 D:\xampp\htdocs\moneychanger\Web\system\CodeIgniter.php(436): CodeIgniter\CodeIgniter->runController(Object(App\Controllers\Kurs\Modal))
#2 D:\xampp\htdocs\moneychanger\Web\system\CodeIgniter.php(336): CodeIgniter\CodeIgniter->handleRequest(NULL, Object(Config\Cache), false)
#3 D:\xampp\htdocs\moneychanger\Web\index.php(45): CodeIgniter\CodeIgniter->run()
#4 {main}
CRITICAL - 2022-11-10 04:09:08 --> Header may not contain more than a single header, new line detected
#0 [internal function]: CodeIgniter\Debug\Exceptions->errorHandler(2, 'Header may not ...', 'D:\\xampp\\htdocs...', 499, Array)
#1 D:\xampp\htdocs\moneychanger\Web\system\HTTP\ResponseTrait.php(499): header('Cache-control: ...', false, 307)
#2 D:\xampp\htdocs\moneychanger\Web\system\HTTP\ResponseTrait.php(466): CodeIgniter\HTTP\Response->sendHeaders()
#3 D:\xampp\htdocs\moneychanger\Web\system\CodeIgniter.php(1114): CodeIgniter\HTTP\Response->send()
#4 D:\xampp\htdocs\moneychanger\Web\system\CodeIgniter.php(480): CodeIgniter\CodeIgniter->sendResponse()
#5 D:\xampp\htdocs\moneychanger\Web\system\CodeIgniter.php(336): CodeIgniter\CodeIgniter->handleRequest(NULL, Object(Config\Cache), false)
#6 D:\xampp\htdocs\moneychanger\Web\index.php(45): CodeIgniter\CodeIgniter->run()
#7 {main}
CRITICAL - 2022-11-10 04:09:09 --> Header may not contain more than a single header, new line detected
#0 [internal function]: CodeIgniter\Debug\Exceptions->errorHandler(2, 'Header may not ...', 'D:\\xampp\\htdocs...', 499, Array)
#1 D:\xampp\htdocs\moneychanger\Web\system\HTTP\ResponseTrait.php(499): header('Cache-control: ...', false, 307)
#2 D:\xampp\htdocs\moneychanger\Web\system\HTTP\ResponseTrait.php(466): CodeIgniter\HTTP\Response->sendHeaders()
#3 D:\xampp\htdocs\moneychanger\Web\system\CodeIgniter.php(1114): CodeIgniter\HTTP\Response->send()
#4 D:\xampp\htdocs\moneychanger\Web\system\CodeIgniter.php(480): CodeIgniter\CodeIgniter->sendResponse()
#5 D:\xampp\htdocs\moneychanger\Web\system\CodeIgniter.php(336): CodeIgniter\CodeIgniter->handleRequest(NULL, Object(Config\Cache), false)
#6 D:\xampp\htdocs\moneychanger\Web\index.php(45): CodeIgniter\CodeIgniter->run()
#7 {main}
CRITICAL - 2022-11-10 04:09:16 --> Header may not contain more than a single header, new line detected
#0 [internal function]: CodeIgniter\Debug\Exceptions->errorHandler(2, 'Header may not ...', 'D:\\xampp\\htdocs...', 499, Array)
#1 D:\xampp\htdocs\moneychanger\Web\system\HTTP\ResponseTrait.php(499): header('Cache-control: ...', false, 307)
#2 D:\xampp\htdocs\moneychanger\Web\system\HTTP\ResponseTrait.php(466): CodeIgniter\HTTP\Response->sendHeaders()
#3 D:\xampp\htdocs\moneychanger\Web\system\CodeIgniter.php(1114): CodeIgniter\HTTP\Response->send()
#4 D:\xampp\htdocs\moneychanger\Web\system\CodeIgniter.php(480): CodeIgniter\CodeIgniter->sendResponse()
#5 D:\xampp\htdocs\moneychanger\Web\system\CodeIgniter.php(336): CodeIgniter\CodeIgniter->handleRequest(NULL, Object(Config\Cache), false)
#6 D:\xampp\htdocs\moneychanger\Web\index.php(45): CodeIgniter\CodeIgniter->run()
#7 {main}
CRITICAL - 2022-11-10 04:09:16 --> Header may not contain more than a single header, new line detected
#0 [internal function]: CodeIgniter\Debug\Exceptions->errorHandler(2, 'Header may not ...', 'D:\\xampp\\htdocs...', 499, Array)
#1 D:\xampp\htdocs\moneychanger\Web\system\HTTP\ResponseTrait.php(499): header('Cache-control: ...', false, 307)
#2 D:\xampp\htdocs\moneychanger\Web\system\HTTP\ResponseTrait.php(466): CodeIgniter\HTTP\Response->sendHeaders()
#3 D:\xampp\htdocs\moneychanger\Web\system\CodeIgniter.php(1114): CodeIgniter\HTTP\Response->send()
#4 D:\xampp\htdocs\moneychanger\Web\system\CodeIgniter.php(480): CodeIgniter\CodeIgniter->sendResponse()
#5 D:\xampp\htdocs\moneychanger\Web\system\CodeIgniter.php(336): CodeIgniter\CodeIgniter->handleRequest(NULL, Object(Config\Cache), false)
#6 D:\xampp\htdocs\moneychanger\Web\index.php(45): CodeIgniter\CodeIgniter->run()
#7 {main}
CRITICAL - 2022-11-10 04:09:23 --> Header may not contain more than a single header, new line detected
#0 [internal function]: CodeIgniter\Debug\Exceptions->errorHandler(2, 'Header may not ...', 'D:\\xampp\\htdocs...', 499, Array)
#1 D:\xampp\htdocs\moneychanger\Web\system\HTTP\ResponseTrait.php(499): header('Cache-control: ...', false, 307)
#2 D:\xampp\htdocs\moneychanger\Web\system\HTTP\ResponseTrait.php(466): CodeIgniter\HTTP\Response->sendHeaders()
#3 D:\xampp\htdocs\moneychanger\Web\system\CodeIgniter.php(1114): CodeIgniter\HTTP\Response->send()
#4 D:\xampp\htdocs\moneychanger\Web\system\CodeIgniter.php(480): CodeIgniter\CodeIgniter->sendResponse()
#5 D:\xampp\htdocs\moneychanger\Web\system\CodeIgniter.php(336): CodeIgniter\CodeIgniter->handleRequest(NULL, Object(Config\Cache), false)
#6 D:\xampp\htdocs\moneychanger\Web\index.php(45): CodeIgniter\CodeIgniter->run()
#7 {main}
CRITICAL - 2022-11-10 04:09:23 --> Header may not contain more than a single header, new line detected
#0 [internal function]: CodeIgniter\Debug\Exceptions->errorHandler(2, 'Header may not ...', 'D:\\xampp\\htdocs...', 499, Array)
#1 D:\xampp\htdocs\moneychanger\Web\system\HTTP\ResponseTrait.php(499): header('Cache-control: ...', false, 307)
#2 D:\xampp\htdocs\moneychanger\Web\system\HTTP\ResponseTrait.php(466): CodeIgniter\HTTP\Response->sendHeaders()
#3 D:\xampp\htdocs\moneychanger\Web\system\CodeIgniter.php(1114): CodeIgniter\HTTP\Response->send()
#4 D:\xampp\htdocs\moneychanger\Web\system\CodeIgniter.php(480): CodeIgniter\CodeIgniter->sendResponse()
#5 D:\xampp\htdocs\moneychanger\Web\system\CodeIgniter.php(336): CodeIgniter\CodeIgniter->handleRequest(NULL, Object(Config\Cache), false)
#6 D:\xampp\htdocs\moneychanger\Web\index.php(45): CodeIgniter\CodeIgniter->run()
#7 {main}
CRITICAL - 2022-11-10 04:09:31 --> Header may not contain more than a single header, new line detected
#0 [internal function]: CodeIgniter\Debug\Exceptions->errorHandler(2, 'Header may not ...', 'D:\\xampp\\htdocs...', 499, Array)
#1 D:\xampp\htdocs\moneychanger\Web\system\HTTP\ResponseTrait.php(499): header('Cache-control: ...', false, 307)
#2 D:\xampp\htdocs\moneychanger\Web\system\HTTP\ResponseTrait.php(466): CodeIgniter\HTTP\Response->sendHeaders()
#3 D:\xampp\htdocs\moneychanger\Web\system\CodeIgniter.php(1114): CodeIgniter\HTTP\Response->send()
#4 D:\xampp\htdocs\moneychanger\Web\system\CodeIgniter.php(480): CodeIgniter\CodeIgniter->sendResponse()
#5 D:\xampp\htdocs\moneychanger\Web\system\CodeIgniter.php(336): CodeIgniter\CodeIgniter->handleRequest(NULL, Object(Config\Cache), false)
#6 D:\xampp\htdocs\moneychanger\Web\index.php(45): CodeIgniter\CodeIgniter->run()
#7 {main}
CRITICAL - 2022-11-10 04:09:31 --> Header may not contain more than a single header, new line detected
#0 [internal function]: CodeIgniter\Debug\Exceptions->errorHandler(2, 'Header may not ...', 'D:\\xampp\\htdocs...', 499, Array)
#1 D:\xampp\htdocs\moneychanger\Web\system\HTTP\ResponseTrait.php(499): header('Cache-control: ...', false, 307)
#2 D:\xampp\htdocs\moneychanger\Web\system\HTTP\ResponseTrait.php(466): CodeIgniter\HTTP\Response->sendHeaders()
#3 D:\xampp\htdocs\moneychanger\Web\system\CodeIgniter.php(1114): CodeIgniter\HTTP\Response->send()
#4 D:\xampp\htdocs\moneychanger\Web\system\CodeIgniter.php(480): CodeIgniter\CodeIgniter->sendResponse()
#5 D:\xampp\htdocs\moneychanger\Web\system\CodeIgniter.php(336): CodeIgniter\CodeIgniter->handleRequest(NULL, Object(Config\Cache), false)
#6 D:\xampp\htdocs\moneychanger\Web\index.php(45): CodeIgniter\CodeIgniter->run()
#7 {main}
CRITICAL - 2022-11-10 04:10:49 --> Too few arguments to function App\Controllers\Kurs\Modal::getKursModalByCurrency(), 1 passed in D:\xampp\htdocs\moneychanger\Web\system\CodeIgniter.php on line 928 and exactly 2 expected
#0 D:\xampp\htdocs\moneychanger\Web\system\CodeIgniter.php(928): App\Controllers\Kurs\Modal->getKursModalByCurrency('79')
#1 D:\xampp\htdocs\moneychanger\Web\system\CodeIgniter.php(436): CodeIgniter\CodeIgniter->runController(Object(App\Controllers\Kurs\Modal))
#2 D:\xampp\htdocs\moneychanger\Web\system\CodeIgniter.php(336): CodeIgniter\CodeIgniter->handleRequest(NULL, Object(Config\Cache), false)
#3 D:\xampp\htdocs\moneychanger\Web\index.php(45): CodeIgniter\CodeIgniter->run()
#4 {main}
CRITICAL - 2022-11-10 04:17:35 --> Too few arguments to function App\Controllers\Kurs\Modal::getKursModalByCurrency(), 1 passed in D:\xampp\htdocs\moneychanger\Web\system\CodeIgniter.php on line 928 and exactly 2 expected
#0 D:\xampp\htdocs\moneychanger\Web\system\CodeIgniter.php(928): App\Controllers\Kurs\Modal->getKursModalByCurrency('79')
#1 D:\xampp\htdocs\moneychanger\Web\system\CodeIgniter.php(436): CodeIgniter\CodeIgniter->runController(Object(App\Controllers\Kurs\Modal))
#2 D:\xampp\htdocs\moneychanger\Web\system\CodeIgniter.php(336): CodeIgniter\CodeIgniter->handleRequest(NULL, Object(Config\Cache), false)
#3 D:\xampp\htdocs\moneychanger\Web\index.php(45): CodeIgniter\CodeIgniter->run()
#4 {main}
CRITICAL - 2022-11-10 04:36:16 --> Undefined variable: documentUnderlying
#0 D:\xampp\htdocs\moneychanger\Web\app\Views\Kas\TKBrinets\ListTKBrinets.php(242): CodeIgniter\Debug\Exceptions->errorHandler(8, 'Undefined varia...', 'D:\\xampp\\htdocs...', 242, Array)
#1 D:\xampp\htdocs\moneychanger\Web\system\View\View.php(230): include('D:\\xampp\\htdocs...')
#2 D:\xampp\htdocs\moneychanger\Web\system\View\View.php(232): CodeIgniter\View\View->CodeIgniter\View\{closure}()
#3 D:\xampp\htdocs\moneychanger\Web\system\Common.php(1271): CodeIgniter\View\View->render('Kas/TKBrinets/L...', Array, true)
#4 D:\xampp\htdocs\moneychanger\Web\app\Controllers\Kas\Tkbrinets.php(161): view('Kas/TKBrinets/L...', Array)
#5 D:\xampp\htdocs\moneychanger\Web\system\CodeIgniter.php(928): App\Controllers\Kas\TkBrinets->index()
#6 D:\xampp\htdocs\moneychanger\Web\system\CodeIgniter.php(436): CodeIgniter\CodeIgniter->runController(Object(App\Controllers\Kas\TkBrinets))
#7 D:\xampp\htdocs\moneychanger\Web\system\CodeIgniter.php(336): CodeIgniter\CodeIgniter->handleRequest(NULL, Object(Config\Cache), false)
#8 D:\xampp\htdocs\moneychanger\Web\index.php(45): CodeIgniter\CodeIgniter->run()
#9 {main}
CRITICAL - 2022-11-10 04:38:09 --> Too few arguments to function App\Controllers\Kurs\Modal::getKursModalByCurrency(), 1 passed in D:\xampp\htdocs\moneychanger\Web\system\CodeIgniter.php on line 928 and exactly 2 expected
#0 D:\xampp\htdocs\moneychanger\Web\system\CodeIgniter.php(928): App\Controllers\Kurs\Modal->getKursModalByCurrency('79')
#1 D:\xampp\htdocs\moneychanger\Web\system\CodeIgniter.php(436): CodeIgniter\CodeIgniter->runController(Object(App\Controllers\Kurs\Modal))
#2 D:\xampp\htdocs\moneychanger\Web\system\CodeIgniter.php(336): CodeIgniter\CodeIgniter->handleRequest(NULL, Object(Config\Cache), false)
#3 D:\xampp\htdocs\moneychanger\Web\index.php(45): CodeIgniter\CodeIgniter->run()
#4 {main}
CRITICAL - 2022-11-10 04:40:03 --> Too few arguments to function App\Controllers\Kurs\Modal::getKursModalByCurrency(), 1 passed in D:\xampp\htdocs\moneychanger\Web\system\CodeIgniter.php on line 928 and exactly 2 expected
#0 D:\xampp\htdocs\moneychanger\Web\system\CodeIgniter.php(928): App\Controllers\Kurs\Modal->getKursModalByCurrency('79')
#1 D:\xampp\htdocs\moneychanger\Web\system\CodeIgniter.php(436): CodeIgniter\CodeIgniter->runController(Object(App\Controllers\Kurs\Modal))
#2 D:\xampp\htdocs\moneychanger\Web\system\CodeIgniter.php(336): CodeIgniter\CodeIgniter->handleRequest(NULL, Object(Config\Cache), false)
#3 D:\xampp\htdocs\moneychanger\Web\index.php(45): CodeIgniter\CodeIgniter->run()
#4 {main}
CRITICAL - 2022-11-10 04:40:26 --> Too few arguments to function App\Controllers\Kurs\Modal::getKursModalByCurrency(), 1 passed in D:\xampp\htdocs\moneychanger\Web\system\CodeIgniter.php on line 928 and exactly 2 expected
#0 D:\xampp\htdocs\moneychanger\Web\system\CodeIgniter.php(928): App\Controllers\Kurs\Modal->getKursModalByCurrency('79')
#1 D:\xampp\htdocs\moneychanger\Web\system\CodeIgniter.php(436): CodeIgniter\CodeIgniter->runController(Object(App\Controllers\Kurs\Modal))
#2 D:\xampp\htdocs\moneychanger\Web\system\CodeIgniter.php(336): CodeIgniter\CodeIgniter->handleRequest(NULL, Object(Config\Cache), false)
#3 D:\xampp\htdocs\moneychanger\Web\index.php(45): CodeIgniter\CodeIgniter->run()
#4 {main}
CRITICAL - 2022-11-10 04:40:43 --> Too few arguments to function App\Controllers\Kurs\Modal::getKursModalByCurrency(), 1 passed in D:\xampp\htdocs\moneychanger\Web\system\CodeIgniter.php on line 928 and exactly 2 expected
#0 D:\xampp\htdocs\moneychanger\Web\system\CodeIgniter.php(928): App\Controllers\Kurs\Modal->getKursModalByCurrency('79')
#1 D:\xampp\htdocs\moneychanger\Web\system\CodeIgniter.php(436): CodeIgniter\CodeIgniter->runController(Object(App\Controllers\Kurs\Modal))
#2 D:\xampp\htdocs\moneychanger\Web\system\CodeIgniter.php(336): CodeIgniter\CodeIgniter->handleRequest(NULL, Object(Config\Cache), false)
#3 D:\xampp\htdocs\moneychanger\Web\index.php(45): CodeIgniter\CodeIgniter->run()
#4 {main}
CRITICAL - 2022-11-10 04:40:53 --> Too few arguments to function App\Controllers\Kurs\Modal::getKursModalByCurrency(), 1 passed in D:\xampp\htdocs\moneychanger\Web\system\CodeIgniter.php on line 928 and exactly 2 expected
#0 D:\xampp\htdocs\moneychanger\Web\system\CodeIgniter.php(928): App\Controllers\Kurs\Modal->getKursModalByCurrency('79')
#1 D:\xampp\htdocs\moneychanger\Web\system\CodeIgniter.php(436): CodeIgniter\CodeIgniter->runController(Object(App\Controllers\Kurs\Modal))
#2 D:\xampp\htdocs\moneychanger\Web\system\CodeIgniter.php(336): CodeIgniter\CodeIgniter->handleRequest(NULL, Object(Config\Cache), false)
#3 D:\xampp\htdocs\moneychanger\Web\index.php(45): CodeIgniter\CodeIgniter->run()
#4 {main}
CRITICAL - 2022-11-10 04:45:43 --> Undefined variable: uploadURL
#0 D:\xampp\htdocs\moneychanger\Web\app\Views\Kas\TKBrinets\ListTKBrinets.php(344): CodeIgniter\Debug\Exceptions->errorHandler(8, 'Undefined varia...', 'D:\\xampp\\htdocs...', 344, Array)
#1 D:\xampp\htdocs\moneychanger\Web\system\View\View.php(230): include('D:\\xampp\\htdocs...')
#2 D:\xampp\htdocs\moneychanger\Web\system\View\View.php(232): CodeIgniter\View\View->CodeIgniter\View\{closure}()
#3 D:\xampp\htdocs\moneychanger\Web\system\Common.php(1271): CodeIgniter\View\View->render('Kas/TKBrinets/L...', Array, true)
#4 D:\xampp\htdocs\moneychanger\Web\app\Controllers\Kas\Tkbrinets.php(161): view('Kas/TKBrinets/L...', Array)
#5 D:\xampp\htdocs\moneychanger\Web\system\CodeIgniter.php(928): App\Controllers\Kas\TkBrinets->index()
#6 D:\xampp\htdocs\moneychanger\Web\system\CodeIgniter.php(436): CodeIgniter\CodeIgniter->runController(Object(App\Controllers\Kas\TkBrinets))
#7 D:\xampp\htdocs\moneychanger\Web\system\CodeIgniter.php(336): CodeIgniter\CodeIgniter->handleRequest(NULL, Object(Config\Cache), false)
#8 D:\xampp\htdocs\moneychanger\Web\index.php(45): CodeIgniter\CodeIgniter->run()
#9 {main}
CRITICAL - 2022-11-10 04:46:54 --> Too few arguments to function App\Controllers\Kurs\Modal::getKursModalByCurrency(), 1 passed in D:\xampp\htdocs\moneychanger\Web\system\CodeIgniter.php on line 928 and exactly 2 expected
#0 D:\xampp\htdocs\moneychanger\Web\system\CodeIgniter.php(928): App\Controllers\Kurs\Modal->getKursModalByCurrency('79')
#1 D:\xampp\htdocs\moneychanger\Web\system\CodeIgniter.php(436): CodeIgniter\CodeIgniter->runController(Object(App\Controllers\Kurs\Modal))
#2 D:\xampp\htdocs\moneychanger\Web\system\CodeIgniter.php(336): CodeIgniter\CodeIgniter->handleRequest(NULL, Object(Config\Cache), false)
#3 D:\xampp\htdocs\moneychanger\Web\index.php(45): CodeIgniter\CodeIgniter->run()
#4 {main}
CRITICAL - 2022-11-10 04:51:06 --> Too few arguments to function App\Controllers\Kurs\Modal::getKursModalByCurrency(), 1 passed in D:\xampp\htdocs\moneychanger\Web\system\CodeIgniter.php on line 928 and exactly 2 expected
#0 D:\xampp\htdocs\moneychanger\Web\system\CodeIgniter.php(928): App\Controllers\Kurs\Modal->getKursModalByCurrency('79')
#1 D:\xampp\htdocs\moneychanger\Web\system\CodeIgniter.php(436): CodeIgniter\CodeIgniter->runController(Object(App\Controllers\Kurs\Modal))
#2 D:\xampp\htdocs\moneychanger\Web\system\CodeIgniter.php(336): CodeIgniter\CodeIgniter->handleRequest(NULL, Object(Config\Cache), false)
#3 D:\xampp\htdocs\moneychanger\Web\index.php(45): CodeIgniter\CodeIgniter->run()
#4 {main}
CRITICAL - 2022-11-10 04:52:58 --> Too few arguments to function App\Controllers\Kurs\Modal::getKursModalByCurrency(), 1 passed in D:\xampp\htdocs\moneychanger\Web\system\CodeIgniter.php on line 928 and exactly 2 expected
#0 D:\xampp\htdocs\moneychanger\Web\system\CodeIgniter.php(928): App\Controllers\Kurs\Modal->getKursModalByCurrency('79')
#1 D:\xampp\htdocs\moneychanger\Web\system\CodeIgniter.php(436): CodeIgniter\CodeIgniter->runController(Object(App\Controllers\Kurs\Modal))
#2 D:\xampp\htdocs\moneychanger\Web\system\CodeIgniter.php(336): CodeIgniter\CodeIgniter->handleRequest(NULL, Object(Config\Cache), false)
#3 D:\xampp\htdocs\moneychanger\Web\index.php(45): CodeIgniter\CodeIgniter->run()
#4 {main}
CRITICAL - 2022-11-10 04:53:48 --> Too few arguments to function App\Controllers\Kurs\Modal::getKursModalByCurrency(), 1 passed in D:\xampp\htdocs\moneychanger\Web\system\CodeIgniter.php on line 928 and exactly 2 expected
#0 D:\xampp\htdocs\moneychanger\Web\system\CodeIgniter.php(928): App\Controllers\Kurs\Modal->getKursModalByCurrency('79')
#1 D:\xampp\htdocs\moneychanger\Web\system\CodeIgniter.php(436): CodeIgniter\CodeIgniter->runController(Object(App\Controllers\Kurs\Modal))
#2 D:\xampp\htdocs\moneychanger\Web\system\CodeIgniter.php(336): CodeIgniter\CodeIgniter->handleRequest(NULL, Object(Config\Cache), false)
#3 D:\xampp\htdocs\moneychanger\Web\index.php(45): CodeIgniter\CodeIgniter->run()
#4 {main}
CRITICAL - 2022-11-10 04:54:48 --> Too few arguments to function App\Controllers\Kurs\Modal::getKursModalByCurrency(), 1 passed in D:\xampp\htdocs\moneychanger\Web\system\CodeIgniter.php on line 928 and exactly 2 expected
#0 D:\xampp\htdocs\moneychanger\Web\system\CodeIgniter.php(928): App\Controllers\Kurs\Modal->getKursModalByCurrency('79')
#1 D:\xampp\htdocs\moneychanger\Web\system\CodeIgniter.php(436): CodeIgniter\CodeIgniter->runController(Object(App\Controllers\Kurs\Modal))
#2 D:\xampp\htdocs\moneychanger\Web\system\CodeIgniter.php(336): CodeIgniter\CodeIgniter->handleRequest(NULL, Object(Config\Cache), false)
#3 D:\xampp\htdocs\moneychanger\Web\index.php(45): CodeIgniter\CodeIgniter->run()
#4 {main}
CRITICAL - 2022-11-10 04:57:20 --> Too few arguments to function App\Controllers\Kurs\Modal::getKursModalByCurrency(), 1 passed in D:\xampp\htdocs\moneychanger\Web\system\CodeIgniter.php on line 928 and exactly 2 expected
#0 D:\xampp\htdocs\moneychanger\Web\system\CodeIgniter.php(928): App\Controllers\Kurs\Modal->getKursModalByCurrency('79')
#1 D:\xampp\htdocs\moneychanger\Web\system\CodeIgniter.php(436): CodeIgniter\CodeIgniter->runController(Object(App\Controllers\Kurs\Modal))
#2 D:\xampp\htdocs\moneychanger\Web\system\CodeIgniter.php(336): CodeIgniter\CodeIgniter->handleRequest(NULL, Object(Config\Cache), false)
#3 D:\xampp\htdocs\moneychanger\Web\index.php(45): CodeIgniter\CodeIgniter->run()
#4 {main}
CRITICAL - 2022-11-10 04:59:14 --> Too few arguments to function App\Controllers\Kurs\Modal::getKursModalByCurrency(), 1 passed in D:\xampp\htdocs\moneychanger\Web\system\CodeIgniter.php on line 928 and exactly 2 expected
#0 D:\xampp\htdocs\moneychanger\Web\system\CodeIgniter.php(928): App\Controllers\Kurs\Modal->getKursModalByCurrency('79')
#1 D:\xampp\htdocs\moneychanger\Web\system\CodeIgniter.php(436): CodeIgniter\CodeIgniter->runController(Object(App\Controllers\Kurs\Modal))
#2 D:\xampp\htdocs\moneychanger\Web\system\CodeIgniter.php(336): CodeIgniter\CodeIgniter->handleRequest(NULL, Object(Config\Cache), false)
#3 D:\xampp\htdocs\moneychanger\Web\index.php(45): CodeIgniter\CodeIgniter->run()
#4 {main}
CRITICAL - 2022-11-10 05:00:46 --> Too few arguments to function App\Controllers\Kurs\Modal::getKursModalByCurrency(), 1 passed in D:\xampp\htdocs\moneychanger\Web\system\CodeIgniter.php on line 928 and exactly 2 expected
#0 D:\xampp\htdocs\moneychanger\Web\system\CodeIgniter.php(928): App\Controllers\Kurs\Modal->getKursModalByCurrency('79')
#1 D:\xampp\htdocs\moneychanger\Web\system\CodeIgniter.php(436): CodeIgniter\CodeIgniter->runController(Object(App\Controllers\Kurs\Modal))
#2 D:\xampp\htdocs\moneychanger\Web\system\CodeIgniter.php(336): CodeIgniter\CodeIgniter->handleRequest(NULL, Object(Config\Cache), false)
#3 D:\xampp\htdocs\moneychanger\Web\index.php(45): CodeIgniter\CodeIgniter->run()
#4 {main}
CRITICAL - 2022-11-10 05:07:52 --> Too few arguments to function App\Controllers\Kurs\Modal::getKursModalByCurrency(), 1 passed in D:\xampp\htdocs\moneychanger\Web\system\CodeIgniter.php on line 928 and exactly 2 expected
#0 D:\xampp\htdocs\moneychanger\Web\system\CodeIgniter.php(928): App\Controllers\Kurs\Modal->getKursModalByCurrency('79')
#1 D:\xampp\htdocs\moneychanger\Web\system\CodeIgniter.php(436): CodeIgniter\CodeIgniter->runController(Object(App\Controllers\Kurs\Modal))
#2 D:\xampp\htdocs\moneychanger\Web\system\CodeIgniter.php(336): CodeIgniter\CodeIgniter->handleRequest(NULL, Object(Config\Cache), false)
#3 D:\xampp\htdocs\moneychanger\Web\index.php(45): CodeIgniter\CodeIgniter->run()
#4 {main}
CRITICAL - 2022-11-10 05:07:58 --> Too few arguments to function App\Controllers\Kurs\Modal::getKursModalByCurrency(), 1 passed in D:\xampp\htdocs\moneychanger\Web\system\CodeIgniter.php on line 928 and exactly 2 expected
#0 D:\xampp\htdocs\moneychanger\Web\system\CodeIgniter.php(928): App\Controllers\Kurs\Modal->getKursModalByCurrency('79')
#1 D:\xampp\htdocs\moneychanger\Web\system\CodeIgniter.php(436): CodeIgniter\CodeIgniter->runController(Object(App\Controllers\Kurs\Modal))
#2 D:\xampp\htdocs\moneychanger\Web\system\CodeIgniter.php(336): CodeIgniter\CodeIgniter->handleRequest(NULL, Object(Config\Cache), false)
#3 D:\xampp\htdocs\moneychanger\Web\index.php(45): CodeIgniter\CodeIgniter->run()
#4 {main}
CRITICAL - 2022-11-10 05:08:36 --> Too few arguments to function App\Controllers\Kurs\Modal::getKursModalByCurrency(), 1 passed in D:\xampp\htdocs\moneychanger\Web\system\CodeIgniter.php on line 928 and exactly 2 expected
#0 D:\xampp\htdocs\moneychanger\Web\system\CodeIgniter.php(928): App\Controllers\Kurs\Modal->getKursModalByCurrency('79')
#1 D:\xampp\htdocs\moneychanger\Web\system\CodeIgniter.php(436): CodeIgniter\CodeIgniter->runController(Object(App\Controllers\Kurs\Modal))
#2 D:\xampp\htdocs\moneychanger\Web\system\CodeIgniter.php(336): CodeIgniter\CodeIgniter->handleRequest(NULL, Object(Config\Cache), false)
#3 D:\xampp\htdocs\moneychanger\Web\index.php(45): CodeIgniter\CodeIgniter->run()
#4 {main}
CRITICAL - 2022-11-10 05:08:45 --> Too few arguments to function App\Controllers\Kurs\Modal::getKursModalByCurrency(), 1 passed in D:\xampp\htdocs\moneychanger\Web\system\CodeIgniter.php on line 928 and exactly 2 expected
#0 D:\xampp\htdocs\moneychanger\Web\system\CodeIgniter.php(928): App\Controllers\Kurs\Modal->getKursModalByCurrency('79')
#1 D:\xampp\htdocs\moneychanger\Web\system\CodeIgniter.php(436): CodeIgniter\CodeIgniter->runController(Object(App\Controllers\Kurs\Modal))
#2 D:\xampp\htdocs\moneychanger\Web\system\CodeIgniter.php(336): CodeIgniter\CodeIgniter->handleRequest(NULL, Object(Config\Cache), false)
#3 D:\xampp\htdocs\moneychanger\Web\index.php(45): CodeIgniter\CodeIgniter->run()
#4 {main}
CRITICAL - 2022-11-10 05:10:17 --> Too few arguments to function App\Controllers\Kurs\Modal::getKursModalByCurrency(), 1 passed in D:\xampp\htdocs\moneychanger\Web\system\CodeIgniter.php on line 928 and exactly 2 expected
#0 D:\xampp\htdocs\moneychanger\Web\system\CodeIgniter.php(928): App\Controllers\Kurs\Modal->getKursModalByCurrency('79')
#1 D:\xampp\htdocs\moneychanger\Web\system\CodeIgniter.php(436): CodeIgniter\CodeIgniter->runController(Object(App\Controllers\Kurs\Modal))
#2 D:\xampp\htdocs\moneychanger\Web\system\CodeIgniter.php(336): CodeIgniter\CodeIgniter->handleRequest(NULL, Object(Config\Cache), false)
#3 D:\xampp\htdocs\moneychanger\Web\index.php(45): CodeIgniter\CodeIgniter->run()
#4 {main}
CRITICAL - 2022-11-10 05:10:37 --> Too few arguments to function App\Controllers\Kurs\Modal::getKursModalByCurrency(), 1 passed in D:\xampp\htdocs\moneychanger\Web\system\CodeIgniter.php on line 928 and exactly 2 expected
#0 D:\xampp\htdocs\moneychanger\Web\system\CodeIgniter.php(928): App\Controllers\Kurs\Modal->getKursModalByCurrency('79')
#1 D:\xampp\htdocs\moneychanger\Web\system\CodeIgniter.php(436): CodeIgniter\CodeIgniter->runController(Object(App\Controllers\Kurs\Modal))
#2 D:\xampp\htdocs\moneychanger\Web\system\CodeIgniter.php(336): CodeIgniter\CodeIgniter->handleRequest(NULL, Object(Config\Cache), false)
#3 D:\xampp\htdocs\moneychanger\Web\index.php(45): CodeIgniter\CodeIgniter->run()
#4 {main}
CRITICAL - 2022-11-10 05:11:16 --> Too few arguments to function App\Controllers\Kurs\Modal::getKursModalByCurrency(), 1 passed in D:\xampp\htdocs\moneychanger\Web\system\CodeIgniter.php on line 928 and exactly 2 expected
#0 D:\xampp\htdocs\moneychanger\Web\system\CodeIgniter.php(928): App\Controllers\Kurs\Modal->getKursModalByCurrency('79')
#1 D:\xampp\htdocs\moneychanger\Web\system\CodeIgniter.php(436): CodeIgniter\CodeIgniter->runController(Object(App\Controllers\Kurs\Modal))
#2 D:\xampp\htdocs\moneychanger\Web\system\CodeIgniter.php(336): CodeIgniter\CodeIgniter->handleRequest(NULL, Object(Config\Cache), false)
#3 D:\xampp\htdocs\moneychanger\Web\index.php(45): CodeIgniter\CodeIgniter->run()
#4 {main}
CRITICAL - 2022-11-10 05:12:58 --> Too few arguments to function App\Controllers\Kurs\Modal::getKursModalByCurrency(), 1 passed in D:\xampp\htdocs\moneychanger\Web\system\CodeIgniter.php on line 928 and exactly 2 expected
#0 D:\xampp\htdocs\moneychanger\Web\system\CodeIgniter.php(928): App\Controllers\Kurs\Modal->getKursModalByCurrency('79')
#1 D:\xampp\htdocs\moneychanger\Web\system\CodeIgniter.php(436): CodeIgniter\CodeIgniter->runController(Object(App\Controllers\Kurs\Modal))
#2 D:\xampp\htdocs\moneychanger\Web\system\CodeIgniter.php(336): CodeIgniter\CodeIgniter->handleRequest(NULL, Object(Config\Cache), false)
#3 D:\xampp\htdocs\moneychanger\Web\index.php(45): CodeIgniter\CodeIgniter->run()
#4 {main}
CRITICAL - 2022-11-10 05:13:09 --> Too few arguments to function App\Controllers\Kurs\Modal::getKursModalByCurrency(), 1 passed in D:\xampp\htdocs\moneychanger\Web\system\CodeIgniter.php on line 928 and exactly 2 expected
#0 D:\xampp\htdocs\moneychanger\Web\system\CodeIgniter.php(928): App\Controllers\Kurs\Modal->getKursModalByCurrency('79')
#1 D:\xampp\htdocs\moneychanger\Web\system\CodeIgniter.php(436): CodeIgniter\CodeIgniter->runController(Object(App\Controllers\Kurs\Modal))
#2 D:\xampp\htdocs\moneychanger\Web\system\CodeIgniter.php(336): CodeIgniter\CodeIgniter->handleRequest(NULL, Object(Config\Cache), false)
#3 D:\xampp\htdocs\moneychanger\Web\index.php(45): CodeIgniter\CodeIgniter->run()
#4 {main}
CRITICAL - 2022-11-10 05:14:36 --> Too few arguments to function App\Controllers\Kurs\Modal::getKursModalByCurrency(), 1 passed in D:\xampp\htdocs\moneychanger\Web\system\CodeIgniter.php on line 928 and exactly 2 expected
#0 D:\xampp\htdocs\moneychanger\Web\system\CodeIgniter.php(928): App\Controllers\Kurs\Modal->getKursModalByCurrency('79')
#1 D:\xampp\htdocs\moneychanger\Web\system\CodeIgniter.php(436): CodeIgniter\CodeIgniter->runController(Object(App\Controllers\Kurs\Modal))
#2 D:\xampp\htdocs\moneychanger\Web\system\CodeIgniter.php(336): CodeIgniter\CodeIgniter->handleRequest(NULL, Object(Config\Cache), false)
#3 D:\xampp\htdocs\moneychanger\Web\index.php(45): CodeIgniter\CodeIgniter->run()
#4 {main}
CRITICAL - 2022-11-10 05:15:37 --> Too few arguments to function App\Controllers\Kurs\Modal::getKursModalByCurrency(), 1 passed in D:\xampp\htdocs\moneychanger\Web\system\CodeIgniter.php on line 928 and exactly 2 expected
#0 D:\xampp\htdocs\moneychanger\Web\system\CodeIgniter.php(928): App\Controllers\Kurs\Modal->getKursModalByCurrency('79')
#1 D:\xampp\htdocs\moneychanger\Web\system\CodeIgniter.php(436): CodeIgniter\CodeIgniter->runController(Object(App\Controllers\Kurs\Modal))
#2 D:\xampp\htdocs\moneychanger\Web\system\CodeIgniter.php(336): CodeIgniter\CodeIgniter->handleRequest(NULL, Object(Config\Cache), false)
#3 D:\xampp\htdocs\moneychanger\Web\index.php(45): CodeIgniter\CodeIgniter->run()
#4 {main}
CRITICAL - 2022-11-10 05:15:47 --> Too few arguments to function App\Controllers\Kurs\Modal::getKursModalByCurrency(), 1 passed in D:\xampp\htdocs\moneychanger\Web\system\CodeIgniter.php on line 928 and exactly 2 expected
#0 D:\xampp\htdocs\moneychanger\Web\system\CodeIgniter.php(928): App\Controllers\Kurs\Modal->getKursModalByCurrency('79')
#1 D:\xampp\htdocs\moneychanger\Web\system\CodeIgniter.php(436): CodeIgniter\CodeIgniter->runController(Object(App\Controllers\Kurs\Modal))
#2 D:\xampp\htdocs\moneychanger\Web\system\CodeIgniter.php(336): CodeIgniter\CodeIgniter->handleRequest(NULL, Object(Config\Cache), false)
#3 D:\xampp\htdocs\moneychanger\Web\index.php(45): CodeIgniter\CodeIgniter->run()
#4 {main}
CRITICAL - 2022-11-10 05:16:22 --> Too few arguments to function App\Controllers\Kurs\Modal::getKursModalByCurrency(), 1 passed in D:\xampp\htdocs\moneychanger\Web\system\CodeIgniter.php on line 928 and exactly 2 expected
#0 D:\xampp\htdocs\moneychanger\Web\system\CodeIgniter.php(928): App\Controllers\Kurs\Modal->getKursModalByCurrency('79')
#1 D:\xampp\htdocs\moneychanger\Web\system\CodeIgniter.php(436): CodeIgniter\CodeIgniter->runController(Object(App\Controllers\Kurs\Modal))
#2 D:\xampp\htdocs\moneychanger\Web\system\CodeIgniter.php(336): CodeIgniter\CodeIgniter->handleRequest(NULL, Object(Config\Cache), false)
#3 D:\xampp\htdocs\moneychanger\Web\index.php(45): CodeIgniter\CodeIgniter->run()
#4 {main}
CRITICAL - 2022-11-10 05:17:30 --> Too few arguments to function App\Controllers\Kurs\Modal::getKursModalByCurrency(), 1 passed in D:\xampp\htdocs\moneychanger\Web\system\CodeIgniter.php on line 928 and exactly 2 expected
#0 D:\xampp\htdocs\moneychanger\Web\system\CodeIgniter.php(928): App\Controllers\Kurs\Modal->getKursModalByCurrency('79')
#1 D:\xampp\htdocs\moneychanger\Web\system\CodeIgniter.php(436): CodeIgniter\CodeIgniter->runController(Object(App\Controllers\Kurs\Modal))
#2 D:\xampp\htdocs\moneychanger\Web\system\CodeIgniter.php(336): CodeIgniter\CodeIgniter->handleRequest(NULL, Object(Config\Cache), false)
#3 D:\xampp\htdocs\moneychanger\Web\index.php(45): CodeIgniter\CodeIgniter->run()
#4 {main}
CRITICAL - 2022-11-10 05:19:20 --> Too few arguments to function App\Controllers\Kurs\Modal::getKursModalByCurrency(), 1 passed in D:\xampp\htdocs\moneychanger\Web\system\CodeIgniter.php on line 928 and exactly 2 expected
#0 D:\xampp\htdocs\moneychanger\Web\system\CodeIgniter.php(928): App\Controllers\Kurs\Modal->getKursModalByCurrency('79')
#1 D:\xampp\htdocs\moneychanger\Web\system\CodeIgniter.php(436): CodeIgniter\CodeIgniter->runController(Object(App\Controllers\Kurs\Modal))
#2 D:\xampp\htdocs\moneychanger\Web\system\CodeIgniter.php(336): CodeIgniter\CodeIgniter->handleRequest(NULL, Object(Config\Cache), false)
#3 D:\xampp\htdocs\moneychanger\Web\index.php(45): CodeIgniter\CodeIgniter->run()
#4 {main}
CRITICAL - 2022-11-10 05:20:36 --> Too few arguments to function App\Controllers\Kurs\Modal::getKursModalByCurrency(), 1 passed in D:\xampp\htdocs\moneychanger\Web\system\CodeIgniter.php on line 928 and exactly 2 expected
#0 D:\xampp\htdocs\moneychanger\Web\system\CodeIgniter.php(928): App\Controllers\Kurs\Modal->getKursModalByCurrency('79')
#1 D:\xampp\htdocs\moneychanger\Web\system\CodeIgniter.php(436): CodeIgniter\CodeIgniter->runController(Object(App\Controllers\Kurs\Modal))
#2 D:\xampp\htdocs\moneychanger\Web\system\CodeIgniter.php(336): CodeIgniter\CodeIgniter->handleRequest(NULL, Object(Config\Cache), false)
#3 D:\xampp\htdocs\moneychanger\Web\index.php(45): CodeIgniter\CodeIgniter->run()
#4 {main}
CRITICAL - 2022-11-10 05:20:49 --> Too few arguments to function App\Controllers\Kurs\Modal::getKursModalByCurrency(), 1 passed in D:\xampp\htdocs\moneychanger\Web\system\CodeIgniter.php on line 928 and exactly 2 expected
#0 D:\xampp\htdocs\moneychanger\Web\system\CodeIgniter.php(928): App\Controllers\Kurs\Modal->getKursModalByCurrency('79')
#1 D:\xampp\htdocs\moneychanger\Web\system\CodeIgniter.php(436): CodeIgniter\CodeIgniter->runController(Object(App\Controllers\Kurs\Modal))
#2 D:\xampp\htdocs\moneychanger\Web\system\CodeIgniter.php(336): CodeIgniter\CodeIgniter->handleRequest(NULL, Object(Config\Cache), false)
#3 D:\xampp\htdocs\moneychanger\Web\index.php(45): CodeIgniter\CodeIgniter->run()
#4 {main}
CRITICAL - 2022-11-10 05:21:18 --> Too few arguments to function App\Controllers\Kurs\Modal::getKursModalByCurrency(), 1 passed in D:\xampp\htdocs\moneychanger\Web\system\CodeIgniter.php on line 928 and exactly 2 expected
#0 D:\xampp\htdocs\moneychanger\Web\system\CodeIgniter.php(928): App\Controllers\Kurs\Modal->getKursModalByCurrency('79')
#1 D:\xampp\htdocs\moneychanger\Web\system\CodeIgniter.php(436): CodeIgniter\CodeIgniter->runController(Object(App\Controllers\Kurs\Modal))
#2 D:\xampp\htdocs\moneychanger\Web\system\CodeIgniter.php(336): CodeIgniter\CodeIgniter->handleRequest(NULL, Object(Config\Cache), false)
#3 D:\xampp\htdocs\moneychanger\Web\index.php(45): CodeIgniter\CodeIgniter->run()
#4 {main}
CRITICAL - 2022-11-10 05:22:06 --> Too few arguments to function App\Controllers\Kurs\Modal::getKursModalByCurrency(), 1 passed in D:\xampp\htdocs\moneychanger\Web\system\CodeIgniter.php on line 928 and exactly 2 expected
#0 D:\xampp\htdocs\moneychanger\Web\system\CodeIgniter.php(928): App\Controllers\Kurs\Modal->getKursModalByCurrency('79')
#1 D:\xampp\htdocs\moneychanger\Web\system\CodeIgniter.php(436): CodeIgniter\CodeIgniter->runController(Object(App\Controllers\Kurs\Modal))
#2 D:\xampp\htdocs\moneychanger\Web\system\CodeIgniter.php(336): CodeIgniter\CodeIgniter->handleRequest(NULL, Object(Config\Cache), false)
#3 D:\xampp\htdocs\moneychanger\Web\index.php(45): CodeIgniter\CodeIgniter->run()
#4 {main}
CRITICAL - 2022-11-10 05:22:50 --> Too few arguments to function App\Controllers\Kurs\Modal::getKursModalByCurrency(), 1 passed in D:\xampp\htdocs\moneychanger\Web\system\CodeIgniter.php on line 928 and exactly 2 expected
#0 D:\xampp\htdocs\moneychanger\Web\system\CodeIgniter.php(928): App\Controllers\Kurs\Modal->getKursModalByCurrency('79')
#1 D:\xampp\htdocs\moneychanger\Web\system\CodeIgniter.php(436): CodeIgniter\CodeIgniter->runController(Object(App\Controllers\Kurs\Modal))
#2 D:\xampp\htdocs\moneychanger\Web\system\CodeIgniter.php(336): CodeIgniter\CodeIgniter->handleRequest(NULL, Object(Config\Cache), false)
#3 D:\xampp\htdocs\moneychanger\Web\index.php(45): CodeIgniter\CodeIgniter->run()
#4 {main}
CRITICAL - 2022-11-10 05:23:05 --> Too few arguments to function App\Controllers\Kurs\Modal::getKursModalByCurrency(), 1 passed in D:\xampp\htdocs\moneychanger\Web\system\CodeIgniter.php on line 928 and exactly 2 expected
#0 D:\xampp\htdocs\moneychanger\Web\system\CodeIgniter.php(928): App\Controllers\Kurs\Modal->getKursModalByCurrency('79')
#1 D:\xampp\htdocs\moneychanger\Web\system\CodeIgniter.php(436): CodeIgniter\CodeIgniter->runController(Object(App\Controllers\Kurs\Modal))
#2 D:\xampp\htdocs\moneychanger\Web\system\CodeIgniter.php(336): CodeIgniter\CodeIgniter->handleRequest(NULL, Object(Config\Cache), false)
#3 D:\xampp\htdocs\moneychanger\Web\index.php(45): CodeIgniter\CodeIgniter->run()
#4 {main}
CRITICAL - 2022-11-10 05:24:11 --> Too few arguments to function App\Controllers\Kurs\Modal::getKursModalByCurrency(), 1 passed in D:\xampp\htdocs\moneychanger\Web\system\CodeIgniter.php on line 928 and exactly 2 expected
#0 D:\xampp\htdocs\moneychanger\Web\system\CodeIgniter.php(928): App\Controllers\Kurs\Modal->getKursModalByCurrency('79')
#1 D:\xampp\htdocs\moneychanger\Web\system\CodeIgniter.php(436): CodeIgniter\CodeIgniter->runController(Object(App\Controllers\Kurs\Modal))
#2 D:\xampp\htdocs\moneychanger\Web\system\CodeIgniter.php(336): CodeIgniter\CodeIgniter->handleRequest(NULL, Object(Config\Cache), false)
#3 D:\xampp\htdocs\moneychanger\Web\index.php(45): CodeIgniter\CodeIgniter->run()
#4 {main}
CRITICAL - 2022-11-10 05:24:46 --> Too few arguments to function App\Controllers\Kurs\Modal::getKursModalByCurrency(), 1 passed in D:\xampp\htdocs\moneychanger\Web\system\CodeIgniter.php on line 928 and exactly 2 expected
#0 D:\xampp\htdocs\moneychanger\Web\system\CodeIgniter.php(928): App\Controllers\Kurs\Modal->getKursModalByCurrency('79')
#1 D:\xampp\htdocs\moneychanger\Web\system\CodeIgniter.php(436): CodeIgniter\CodeIgniter->runController(Object(App\Controllers\Kurs\Modal))
#2 D:\xampp\htdocs\moneychanger\Web\system\CodeIgniter.php(336): CodeIgniter\CodeIgniter->handleRequest(NULL, Object(Config\Cache), false)
#3 D:\xampp\htdocs\moneychanger\Web\index.php(45): CodeIgniter\CodeIgniter->run()
#4 {main}
CRITICAL - 2022-11-10 05:25:53 --> Too few arguments to function App\Controllers\Kurs\Modal::getKursModalByCurrency(), 1 passed in D:\xampp\htdocs\moneychanger\Web\system\CodeIgniter.php on line 928 and exactly 2 expected
#0 D:\xampp\htdocs\moneychanger\Web\system\CodeIgniter.php(928): App\Controllers\Kurs\Modal->getKursModalByCurrency('79')
#1 D:\xampp\htdocs\moneychanger\Web\system\CodeIgniter.php(436): CodeIgniter\CodeIgniter->runController(Object(App\Controllers\Kurs\Modal))
#2 D:\xampp\htdocs\moneychanger\Web\system\CodeIgniter.php(336): CodeIgniter\CodeIgniter->handleRequest(NULL, Object(Config\Cache), false)
#3 D:\xampp\htdocs\moneychanger\Web\index.php(45): CodeIgniter\CodeIgniter->run()
#4 {main}
CRITICAL - 2022-11-10 05:27:49 --> Too few arguments to function App\Controllers\Kurs\Modal::getKursModalByCurrency(), 1 passed in D:\xampp\htdocs\moneychanger\Web\system\CodeIgniter.php on line 928 and exactly 2 expected
#0 D:\xampp\htdocs\moneychanger\Web\system\CodeIgniter.php(928): App\Controllers\Kurs\Modal->getKursModalByCurrency('79')
#1 D:\xampp\htdocs\moneychanger\Web\system\CodeIgniter.php(436): CodeIgniter\CodeIgniter->runController(Object(App\Controllers\Kurs\Modal))
#2 D:\xampp\htdocs\moneychanger\Web\system\CodeIgniter.php(336): CodeIgniter\CodeIgniter->handleRequest(NULL, Object(Config\Cache), false)
#3 D:\xampp\htdocs\moneychanger\Web\index.php(45): CodeIgniter\CodeIgniter->run()
#4 {main}
CRITICAL - 2022-11-10 05:28:14 --> Too few arguments to function App\Controllers\Kurs\Modal::getKursModalByCurrency(), 1 passed in D:\xampp\htdocs\moneychanger\Web\system\CodeIgniter.php on line 928 and exactly 2 expected
#0 D:\xampp\htdocs\moneychanger\Web\system\CodeIgniter.php(928): App\Controllers\Kurs\Modal->getKursModalByCurrency('79')
#1 D:\xampp\htdocs\moneychanger\Web\system\CodeIgniter.php(436): CodeIgniter\CodeIgniter->runController(Object(App\Controllers\Kurs\Modal))
#2 D:\xampp\htdocs\moneychanger\Web\system\CodeIgniter.php(336): CodeIgniter\CodeIgniter->handleRequest(NULL, Object(Config\Cache), false)
#3 D:\xampp\htdocs\moneychanger\Web\index.php(45): CodeIgniter\CodeIgniter->run()
#4 {main}
CRITICAL - 2022-11-10 05:28:31 --> Too few arguments to function App\Controllers\Kurs\Modal::getKursModalByCurrency(), 1 passed in D:\xampp\htdocs\moneychanger\Web\system\CodeIgniter.php on line 928 and exactly 2 expected
#0 D:\xampp\htdocs\moneychanger\Web\system\CodeIgniter.php(928): App\Controllers\Kurs\Modal->getKursModalByCurrency('79')
#1 D:\xampp\htdocs\moneychanger\Web\system\CodeIgniter.php(436): CodeIgniter\CodeIgniter->runController(Object(App\Controllers\Kurs\Modal))
#2 D:\xampp\htdocs\moneychanger\Web\system\CodeIgniter.php(336): CodeIgniter\CodeIgniter->handleRequest(NULL, Object(Config\Cache), false)
#3 D:\xampp\htdocs\moneychanger\Web\index.php(45): CodeIgniter\CodeIgniter->run()
#4 {main}
CRITICAL - 2022-11-10 05:28:37 --> Too few arguments to function App\Controllers\Kurs\Modal::getKursModalByCurrency(), 1 passed in D:\xampp\htdocs\moneychanger\Web\system\CodeIgniter.php on line 928 and exactly 2 expected
#0 D:\xampp\htdocs\moneychanger\Web\system\CodeIgniter.php(928): App\Controllers\Kurs\Modal->getKursModalByCurrency('79')
#1 D:\xampp\htdocs\moneychanger\Web\system\CodeIgniter.php(436): CodeIgniter\CodeIgniter->runController(Object(App\Controllers\Kurs\Modal))
#2 D:\xampp\htdocs\moneychanger\Web\system\CodeIgniter.php(336): CodeIgniter\CodeIgniter->handleRequest(NULL, Object(Config\Cache), false)
#3 D:\xampp\htdocs\moneychanger\Web\index.php(45): CodeIgniter\CodeIgniter->run()
#4 {main}
CRITICAL - 2022-11-10 05:39:03 --> Too few arguments to function App\Controllers\Kurs\Modal::getKursModalByCurrency(), 1 passed in D:\xampp\htdocs\moneychanger\Web\system\CodeIgniter.php on line 928 and exactly 2 expected
#0 D:\xampp\htdocs\moneychanger\Web\system\CodeIgniter.php(928): App\Controllers\Kurs\Modal->getKursModalByCurrency('79')
#1 D:\xampp\htdocs\moneychanger\Web\system\CodeIgniter.php(436): CodeIgniter\CodeIgniter->runController(Object(App\Controllers\Kurs\Modal))
#2 D:\xampp\htdocs\moneychanger\Web\system\CodeIgniter.php(336): CodeIgniter\CodeIgniter->handleRequest(NULL, Object(Config\Cache), false)
#3 D:\xampp\htdocs\moneychanger\Web\index.php(45): CodeIgniter\CodeIgniter->run()
#4 {main}
CRITICAL - 2022-11-10 05:39:22 --> Too few arguments to function App\Controllers\Kurs\Modal::getKursModalByCurrency(), 1 passed in D:\xampp\htdocs\moneychanger\Web\system\CodeIgniter.php on line 928 and exactly 2 expected
#0 D:\xampp\htdocs\moneychanger\Web\system\CodeIgniter.php(928): App\Controllers\Kurs\Modal->getKursModalByCurrency('79')
#1 D:\xampp\htdocs\moneychanger\Web\system\CodeIgniter.php(436): CodeIgniter\CodeIgniter->runController(Object(App\Controllers\Kurs\Modal))
#2 D:\xampp\htdocs\moneychanger\Web\system\CodeIgniter.php(336): CodeIgniter\CodeIgniter->handleRequest(NULL, Object(Config\Cache), false)
#3 D:\xampp\htdocs\moneychanger\Web\index.php(45): CodeIgniter\CodeIgniter->run()
#4 {main}
CRITICAL - 2022-11-10 05:39:53 --> Too few arguments to function App\Controllers\Kurs\Modal::getKursModalByCurrency(), 1 passed in D:\xampp\htdocs\moneychanger\Web\system\CodeIgniter.php on line 928 and exactly 2 expected
#0 D:\xampp\htdocs\moneychanger\Web\system\CodeIgniter.php(928): App\Controllers\Kurs\Modal->getKursModalByCurrency('79')
#1 D:\xampp\htdocs\moneychanger\Web\system\CodeIgniter.php(436): CodeIgniter\CodeIgniter->runController(Object(App\Controllers\Kurs\Modal))
#2 D:\xampp\htdocs\moneychanger\Web\system\CodeIgniter.php(336): CodeIgniter\CodeIgniter->handleRequest(NULL, Object(Config\Cache), false)
#3 D:\xampp\htdocs\moneychanger\Web\index.php(45): CodeIgniter\CodeIgniter->run()
#4 {main}
CRITICAL - 2022-11-10 05:41:50 --> Too few arguments to function App\Controllers\Kurs\Modal::getKursModalByCurrency(), 1 passed in D:\xampp\htdocs\moneychanger\Web\system\CodeIgniter.php on line 928 and exactly 2 expected
#0 D:\xampp\htdocs\moneychanger\Web\system\CodeIgniter.php(928): App\Controllers\Kurs\Modal->getKursModalByCurrency('79')
#1 D:\xampp\htdocs\moneychanger\Web\system\CodeIgniter.php(436): CodeIgniter\CodeIgniter->runController(Object(App\Controllers\Kurs\Modal))
#2 D:\xampp\htdocs\moneychanger\Web\system\CodeIgniter.php(336): CodeIgniter\CodeIgniter->handleRequest(NULL, Object(Config\Cache), false)
#3 D:\xampp\htdocs\moneychanger\Web\index.php(45): CodeIgniter\CodeIgniter->run()
#4 {main}
CRITICAL - 2022-11-10 05:45:56 --> Undefined variable: uploadURL
#0 D:\xampp\htdocs\moneychanger\Web\app\Views\Kas\SetorBrinets\ListSetorBrinets.php(366): CodeIgniter\Debug\Exceptions->errorHandler(8, 'Undefined varia...', 'D:\\xampp\\htdocs...', 366, Array)
#1 D:\xampp\htdocs\moneychanger\Web\system\View\View.php(230): include('D:\\xampp\\htdocs...')
#2 D:\xampp\htdocs\moneychanger\Web\system\View\View.php(232): CodeIgniter\View\View->CodeIgniter\View\{closure}()
#3 D:\xampp\htdocs\moneychanger\Web\system\Common.php(1271): CodeIgniter\View\View->render('Kas/SetorBrinet...', Array, true)
#4 D:\xampp\htdocs\moneychanger\Web\app\Controllers\Kas\Setorbrinets.php(169): view('Kas/SetorBrinet...', Array)
#5 D:\xampp\htdocs\moneychanger\Web\system\CodeIgniter.php(928): App\Controllers\Kas\SetorBrinets->index()
#6 D:\xampp\htdocs\moneychanger\Web\system\CodeIgniter.php(436): CodeIgniter\CodeIgniter->runController(Object(App\Controllers\Kas\SetorBrinets))
#7 D:\xampp\htdocs\moneychanger\Web\system\CodeIgniter.php(336): CodeIgniter\CodeIgniter->handleRequest(NULL, Object(Config\Cache), false)
#8 D:\xampp\htdocs\moneychanger\Web\index.php(45): CodeIgniter\CodeIgniter->run()
#9 {main}
CRITICAL - 2022-11-10 05:48:06 --> Undefined variable: uploadURL
#0 D:\xampp\htdocs\moneychanger\Web\app\Views\Kas\SetorBrinets\ListSetorBrinets.php(366): CodeIgniter\Debug\Exceptions->errorHandler(8, 'Undefined varia...', 'D:\\xampp\\htdocs...', 366, Array)
#1 D:\xampp\htdocs\moneychanger\Web\system\View\View.php(230): include('D:\\xampp\\htdocs...')
#2 D:\xampp\htdocs\moneychanger\Web\system\View\View.php(232): CodeIgniter\View\View->CodeIgniter\View\{closure}()
#3 D:\xampp\htdocs\moneychanger\Web\system\Common.php(1271): CodeIgniter\View\View->render('Kas/SetorBrinet...', Array, true)
#4 D:\xampp\htdocs\moneychanger\Web\app\Controllers\Kas\Setorbrinets.php(169): view('Kas/SetorBrinet...', Array)
#5 D:\xampp\htdocs\moneychanger\Web\system\CodeIgniter.php(928): App\Controllers\Kas\SetorBrinets->index()
#6 D:\xampp\htdocs\moneychanger\Web\system\CodeIgniter.php(436): CodeIgniter\CodeIgniter->runController(Object(App\Controllers\Kas\SetorBrinets))
#7 D:\xampp\htdocs\moneychanger\Web\system\CodeIgniter.php(336): CodeIgniter\CodeIgniter->handleRequest(NULL, Object(Config\Cache), false)
#8 D:\xampp\htdocs\moneychanger\Web\index.php(45): CodeIgniter\CodeIgniter->run()
#9 {main}
CRITICAL - 2022-11-10 05:51:09 --> Undefined variable: uploadURL
#0 D:\xampp\htdocs\moneychanger\Web\app\Views\Kas\SetorBrinets\ListSetorBrinets.php(366): CodeIgniter\Debug\Exceptions->errorHandler(8, 'Undefined varia...', 'D:\\xampp\\htdocs...', 366, Array)
#1 D:\xampp\htdocs\moneychanger\Web\system\View\View.php(230): include('D:\\xampp\\htdocs...')
#2 D:\xampp\htdocs\moneychanger\Web\system\View\View.php(232): CodeIgniter\View\View->CodeIgniter\View\{closure}()
#3 D:\xampp\htdocs\moneychanger\Web\system\Common.php(1271): CodeIgniter\View\View->render('Kas/SetorBrinet...', Array, true)
#4 D:\xampp\htdocs\moneychanger\Web\app\Controllers\Kas\Setorbrinets.php(168): view('Kas/SetorBrinet...', Array)
#5 D:\xampp\htdocs\moneychanger\Web\system\CodeIgniter.php(928): App\Controllers\Kas\SetorBrinets->index()
#6 D:\xampp\htdocs\moneychanger\Web\system\CodeIgniter.php(436): CodeIgniter\CodeIgniter->runController(Object(App\Controllers\Kas\SetorBrinets))
#7 D:\xampp\htdocs\moneychanger\Web\system\CodeIgniter.php(336): CodeIgniter\CodeIgniter->handleRequest(NULL, Object(Config\Cache), false)
#8 D:\xampp\htdocs\moneychanger\Web\index.php(45): CodeIgniter\CodeIgniter->run()
#9 {main}
CRITICAL - 2022-11-10 05:57:32 --> Too few arguments to function App\Controllers\Kurs\Modal::getKursModalByCurrency(), 1 passed in D:\xampp\htdocs\moneychanger\Web\system\CodeIgniter.php on line 928 and exactly 2 expected
#0 D:\xampp\htdocs\moneychanger\Web\system\CodeIgniter.php(928): App\Controllers\Kurs\Modal->getKursModalByCurrency('79')
#1 D:\xampp\htdocs\moneychanger\Web\system\CodeIgniter.php(436): CodeIgniter\CodeIgniter->runController(Object(App\Controllers\Kurs\Modal))
#2 D:\xampp\htdocs\moneychanger\Web\system\CodeIgniter.php(336): CodeIgniter\CodeIgniter->handleRequest(NULL, Object(Config\Cache), false)
#3 D:\xampp\htdocs\moneychanger\Web\index.php(45): CodeIgniter\CodeIgniter->run()
#4 {main}
CRITICAL - 2022-11-10 06:03:59 --> Too few arguments to function App\Controllers\Kurs\Modal::getKursModalByCurrency(), 1 passed in D:\xampp\htdocs\moneychanger\Web\system\CodeIgniter.php on line 928 and exactly 2 expected
#0 D:\xampp\htdocs\moneychanger\Web\system\CodeIgniter.php(928): App\Controllers\Kurs\Modal->getKursModalByCurrency('79')
#1 D:\xampp\htdocs\moneychanger\Web\system\CodeIgniter.php(436): CodeIgniter\CodeIgniter->runController(Object(App\Controllers\Kurs\Modal))
#2 D:\xampp\htdocs\moneychanger\Web\system\CodeIgniter.php(336): CodeIgniter\CodeIgniter->handleRequest(NULL, Object(Config\Cache), false)
#3 D:\xampp\htdocs\moneychanger\Web\index.php(45): CodeIgniter\CodeIgniter->run()
#4 {main}
CRITICAL - 2022-11-10 06:05:39 --> Too few arguments to function App\Controllers\Kurs\Modal::getKursModalByCurrency(), 1 passed in D:\xampp\htdocs\moneychanger\Web\system\CodeIgniter.php on line 928 and exactly 2 expected
#0 D:\xampp\htdocs\moneychanger\Web\system\CodeIgniter.php(928): App\Controllers\Kurs\Modal->getKursModalByCurrency('79')
#1 D:\xampp\htdocs\moneychanger\Web\system\CodeIgniter.php(436): CodeIgniter\CodeIgniter->runController(Object(App\Controllers\Kurs\Modal))
#2 D:\xampp\htdocs\moneychanger\Web\system\CodeIgniter.php(336): CodeIgniter\CodeIgniter->handleRequest(NULL, Object(Config\Cache), false)
#3 D:\xampp\htdocs\moneychanger\Web\index.php(45): CodeIgniter\CodeIgniter->run()
#4 {main}
CRITICAL - 2022-11-10 06:06:17 --> Too few arguments to function App\Controllers\Kurs\Modal::getKursModalByCurrency(), 1 passed in D:\xampp\htdocs\moneychanger\Web\system\CodeIgniter.php on line 928 and exactly 2 expected
#0 D:\xampp\htdocs\moneychanger\Web\system\CodeIgniter.php(928): App\Controllers\Kurs\Modal->getKursModalByCurrency('79')
#1 D:\xampp\htdocs\moneychanger\Web\system\CodeIgniter.php(436): CodeIgniter\CodeIgniter->runController(Object(App\Controllers\Kurs\Modal))
#2 D:\xampp\htdocs\moneychanger\Web\system\CodeIgniter.php(336): CodeIgniter\CodeIgniter->handleRequest(NULL, Object(Config\Cache), false)
#3 D:\xampp\htdocs\moneychanger\Web\index.php(45): CodeIgniter\CodeIgniter->run()
#4 {main}
CRITICAL - 2022-11-10 06:07:10 --> Too few arguments to function App\Controllers\Kurs\Modal::getKursModalByCurrency(), 1 passed in D:\xampp\htdocs\moneychanger\Web\system\CodeIgniter.php on line 928 and exactly 2 expected
#0 D:\xampp\htdocs\moneychanger\Web\system\CodeIgniter.php(928): App\Controllers\Kurs\Modal->getKursModalByCurrency('79')
#1 D:\xampp\htdocs\moneychanger\Web\system\CodeIgniter.php(436): CodeIgniter\CodeIgniter->runController(Object(App\Controllers\Kurs\Modal))
#2 D:\xampp\htdocs\moneychanger\Web\system\CodeIgniter.php(336): CodeIgniter\CodeIgniter->handleRequest(NULL, Object(Config\Cache), false)
#3 D:\xampp\htdocs\moneychanger\Web\index.php(45): CodeIgniter\CodeIgniter->run()
#4 {main}
CRITICAL - 2022-11-10 06:12:08 --> Undefined variable: uploadURL
#0 D:\xampp\htdocs\moneychanger\Web\app\Views\Kas\Terima\ProcessTerima.php(231): CodeIgniter\Debug\Exceptions->errorHandler(8, 'Undefined varia...', 'D:\\xampp\\htdocs...', 231, Array)
#1 D:\xampp\htdocs\moneychanger\Web\system\View\View.php(230): include('D:\\xampp\\htdocs...')
#2 D:\xampp\htdocs\moneychanger\Web\system\View\View.php(232): CodeIgniter\View\View->CodeIgniter\View\{closure}()
#3 D:\xampp\htdocs\moneychanger\Web\system\Common.php(1271): CodeIgniter\View\View->render('Kas/Terima/Proc...', Array, true)
#4 D:\xampp\htdocs\moneychanger\Web\app\Controllers\Kas\Terima.php(314): view('Kas/Terima/Proc...', Array)
#5 D:\xampp\htdocs\moneychanger\Web\system\CodeIgniter.php(928): App\Controllers\Kas\Terima->process('2008')
#6 D:\xampp\htdocs\moneychanger\Web\system\CodeIgniter.php(436): CodeIgniter\CodeIgniter->runController(Object(App\Controllers\Kas\Terima))
#7 D:\xampp\htdocs\moneychanger\Web\system\CodeIgniter.php(336): CodeIgniter\CodeIgniter->handleRequest(NULL, Object(Config\Cache), false)
#8 D:\xampp\htdocs\moneychanger\Web\index.php(45): CodeIgniter\CodeIgniter->run()
#9 {main}
CRITICAL - 2022-11-10 06:25:24 --> Too few arguments to function App\Controllers\Kurs\Modal::getKursModalByCurrency(), 1 passed in D:\xampp\htdocs\moneychanger\Web\system\CodeIgniter.php on line 928 and exactly 2 expected
#0 D:\xampp\htdocs\moneychanger\Web\system\CodeIgniter.php(928): App\Controllers\Kurs\Modal->getKursModalByCurrency('79')
#1 D:\xampp\htdocs\moneychanger\Web\system\CodeIgniter.php(436): CodeIgniter\CodeIgniter->runController(Object(App\Controllers\Kurs\Modal))
#2 D:\xampp\htdocs\moneychanger\Web\system\CodeIgniter.php(336): CodeIgniter\CodeIgniter->handleRequest(NULL, Object(Config\Cache), false)
#3 D:\xampp\htdocs\moneychanger\Web\index.php(45): CodeIgniter\CodeIgniter->run()
#4 {main}
CRITICAL - 2022-11-10 06:25:55 --> Too few arguments to function App\Controllers\Kurs\Modal::getKursModalByCurrency(), 1 passed in D:\xampp\htdocs\moneychanger\Web\system\CodeIgniter.php on line 928 and exactly 2 expected
#0 D:\xampp\htdocs\moneychanger\Web\system\CodeIgniter.php(928): App\Controllers\Kurs\Modal->getKursModalByCurrency('79')
#1 D:\xampp\htdocs\moneychanger\Web\system\CodeIgniter.php(436): CodeIgniter\CodeIgniter->runController(Object(App\Controllers\Kurs\Modal))
#2 D:\xampp\htdocs\moneychanger\Web\system\CodeIgniter.php(336): CodeIgniter\CodeIgniter->handleRequest(NULL, Object(Config\Cache), false)
#3 D:\xampp\htdocs\moneychanger\Web\index.php(45): CodeIgniter\CodeIgniter->run()
#4 {main}
CRITICAL - 2022-11-10 06:41:12 --> Too few arguments to function App\Controllers\Kurs\Modal::getKursModalByCurrency(), 1 passed in D:\xampp\htdocs\moneychanger\Web\system\CodeIgniter.php on line 928 and exactly 2 expected
#0 D:\xampp\htdocs\moneychanger\Web\system\CodeIgniter.php(928): App\Controllers\Kurs\Modal->getKursModalByCurrency('79')
#1 D:\xampp\htdocs\moneychanger\Web\system\CodeIgniter.php(436): CodeIgniter\CodeIgniter->runController(Object(App\Controllers\Kurs\Modal))
#2 D:\xampp\htdocs\moneychanger\Web\system\CodeIgniter.php(336): CodeIgniter\CodeIgniter->handleRequest(NULL, Object(Config\Cache), false)
#3 D:\xampp\htdocs\moneychanger\Web\index.php(45): CodeIgniter\CodeIgniter->run()
#4 {main}
CRITICAL - 2022-11-10 06:50:41 --> Too few arguments to function App\Controllers\Kurs\Modal::getKursModalByCurrency(), 1 passed in D:\xampp\htdocs\moneychanger\Web\system\CodeIgniter.php on line 928 and exactly 2 expected
#0 D:\xampp\htdocs\moneychanger\Web\system\CodeIgniter.php(928): App\Controllers\Kurs\Modal->getKursModalByCurrency('79')
#1 D:\xampp\htdocs\moneychanger\Web\system\CodeIgniter.php(436): CodeIgniter\CodeIgniter->runController(Object(App\Controllers\Kurs\Modal))
#2 D:\xampp\htdocs\moneychanger\Web\system\CodeIgniter.php(336): CodeIgniter\CodeIgniter->handleRequest(NULL, Object(Config\Cache), false)
#3 D:\xampp\htdocs\moneychanger\Web\index.php(45): CodeIgniter\CodeIgniter->run()
#4 {main}
CRITICAL - 2022-11-10 06:52:45 --> Too few arguments to function App\Controllers\Kurs\Modal::getKursModalByCurrency(), 1 passed in D:\xampp\htdocs\moneychanger\Web\system\CodeIgniter.php on line 928 and exactly 2 expected
#0 D:\xampp\htdocs\moneychanger\Web\system\CodeIgniter.php(928): App\Controllers\Kurs\Modal->getKursModalByCurrency('79')
#1 D:\xampp\htdocs\moneychanger\Web\system\CodeIgniter.php(436): CodeIgniter\CodeIgniter->runController(Object(App\Controllers\Kurs\Modal))
#2 D:\xampp\htdocs\moneychanger\Web\system\CodeIgniter.php(336): CodeIgniter\CodeIgniter->handleRequest(NULL, Object(Config\Cache), false)
#3 D:\xampp\htdocs\moneychanger\Web\index.php(45): CodeIgniter\CodeIgniter->run()
#4 {main}
CRITICAL - 2022-11-10 06:52:59 --> syntax error, unexpected '==' (T_IS_EQUAL), expecting ')'
#0 D:\xampp\htdocs\moneychanger\Web\system\Router\Router.php(169): CodeIgniter\Router\Router->autoRoute('upload/postback...')
#1 D:\xampp\htdocs\moneychanger\Web\system\CodeIgniter.php(809): CodeIgniter\Router\Router->handle('upload/postback...')
#2 D:\xampp\htdocs\moneychanger\Web\system\CodeIgniter.php(389): CodeIgniter\CodeIgniter->tryToRouteIt(Object(CodeIgniter\Router\RouteCollection))
#3 D:\xampp\htdocs\moneychanger\Web\system\CodeIgniter.php(336): CodeIgniter\CodeIgniter->handleRequest(NULL, Object(Config\Cache), false)
#4 D:\xampp\htdocs\moneychanger\Web\index.php(45): CodeIgniter\CodeIgniter->run()
#5 {main}
CRITICAL - 2022-11-10 06:53:09 --> syntax error, unexpected '==' (T_IS_EQUAL), expecting ')'
#0 D:\xampp\htdocs\moneychanger\Web\system\Router\Router.php(169): CodeIgniter\Router\Router->autoRoute('upload/postback...')
#1 D:\xampp\htdocs\moneychanger\Web\system\CodeIgniter.php(809): CodeIgniter\Router\Router->handle('upload/postback...')
#2 D:\xampp\htdocs\moneychanger\Web\system\CodeIgniter.php(389): CodeIgniter\CodeIgniter->tryToRouteIt(Object(CodeIgniter\Router\RouteCollection))
#3 D:\xampp\htdocs\moneychanger\Web\system\CodeIgniter.php(336): CodeIgniter\CodeIgniter->handleRequest(NULL, Object(Config\Cache), false)
#4 D:\xampp\htdocs\moneychanger\Web\index.php(45): CodeIgniter\CodeIgniter->run()
#5 {main}
CRITICAL - 2022-11-10 06:55:43 --> Too few arguments to function App\Controllers\Kurs\Modal::getKursModalByCurrency(), 1 passed in D:\xampp\htdocs\moneychanger\Web\system\CodeIgniter.php on line 928 and exactly 2 expected
#0 D:\xampp\htdocs\moneychanger\Web\system\CodeIgniter.php(928): App\Controllers\Kurs\Modal->getKursModalByCurrency('79')
#1 D:\xampp\htdocs\moneychanger\Web\system\CodeIgniter.php(436): CodeIgniter\CodeIgniter->runController(Object(App\Controllers\Kurs\Modal))
#2 D:\xampp\htdocs\moneychanger\Web\system\CodeIgniter.php(336): CodeIgniter\CodeIgniter->handleRequest(NULL, Object(Config\Cache), false)
#3 D:\xampp\htdocs\moneychanger\Web\index.php(45): CodeIgniter\CodeIgniter->run()
#4 {main}
CRITICAL - 2022-11-10 06:57:03 --> Too few arguments to function App\Controllers\Kurs\Modal::getKursModalByCurrency(), 1 passed in D:\xampp\htdocs\moneychanger\Web\system\CodeIgniter.php on line 928 and exactly 2 expected
#0 D:\xampp\htdocs\moneychanger\Web\system\CodeIgniter.php(928): App\Controllers\Kurs\Modal->getKursModalByCurrency('79')
#1 D:\xampp\htdocs\moneychanger\Web\system\CodeIgniter.php(436): CodeIgniter\CodeIgniter->runController(Object(App\Controllers\Kurs\Modal))
#2 D:\xampp\htdocs\moneychanger\Web\system\CodeIgniter.php(336): CodeIgniter\CodeIgniter->handleRequest(NULL, Object(Config\Cache), false)
#3 D:\xampp\htdocs\moneychanger\Web\index.php(45): CodeIgniter\CodeIgniter->run()
#4 {main}
