CRITICAL - 2022-11-22 09:14:25 --> Too few arguments to function App\Controllers\Kurs\Modal::getKursModalByCurrency(), 1 passed in D:\xampp\htdocs\moneychanger\Web\system\CodeIgniter.php on line 928 and exactly 2 expected
#0 D:\xampp\htdocs\moneychanger\Web\system\CodeIgniter.php(928): App\Controllers\Kurs\Modal->getKursModalByCurrency('11')
#1 D:\xampp\htdocs\moneychanger\Web\system\CodeIgniter.php(436): CodeIgniter\CodeIgniter->runController(Object(App\Controllers\Kurs\Modal))
#2 D:\xampp\htdocs\moneychanger\Web\system\CodeIgniter.php(336): CodeIgniter\CodeIgniter->handleRequest(NULL, Object(Config\Cache), false)
#3 D:\xampp\htdocs\moneychanger\Web\index.php(45): CodeIgniter\CodeIgniter->run()
#4 {main}
CRITICAL - 2022-11-22 09:15:16 --> Too few arguments to function App\Controllers\Kurs\Modal::getKursModalByCurrency(), 1 passed in D:\xampp\htdocs\moneychanger\Web\system\CodeIgniter.php on line 928 and exactly 2 expected
#0 D:\xampp\htdocs\moneychanger\Web\system\CodeIgniter.php(928): App\Controllers\Kurs\Modal->getKursModalByCurrency('11')
#1 D:\xampp\htdocs\moneychanger\Web\system\CodeIgniter.php(436): CodeIgniter\CodeIgniter->runController(Object(App\Controllers\Kurs\Modal))
#2 D:\xampp\htdocs\moneychanger\Web\system\CodeIgniter.php(336): CodeIgniter\CodeIgniter->handleRequest(NULL, Object(Config\Cache), false)
#3 D:\xampp\htdocs\moneychanger\Web\index.php(45): CodeIgniter\CodeIgniter->run()
#4 {main}
CRITICAL - 2022-11-22 09:17:26 --> Too few arguments to function App\Controllers\Kurs\Modal::getKursModalByCurrency(), 1 passed in D:\xampp\htdocs\moneychanger\Web\system\CodeIgniter.php on line 928 and exactly 2 expected
#0 D:\xampp\htdocs\moneychanger\Web\system\CodeIgniter.php(928): App\Controllers\Kurs\Modal->getKursModalByCurrency('11')
#1 D:\xampp\htdocs\moneychanger\Web\system\CodeIgniter.php(436): CodeIgniter\CodeIgniter->runController(Object(App\Controllers\Kurs\Modal))
#2 D:\xampp\htdocs\moneychanger\Web\system\CodeIgniter.php(336): CodeIgniter\CodeIgniter->handleRequest(NULL, Object(Config\Cache), false)
#3 D:\xampp\htdocs\moneychanger\Web\index.php(45): CodeIgniter\CodeIgniter->run()
#4 {main}
CRITICAL - 2022-11-22 09:17:38 --> Too few arguments to function App\Controllers\Kurs\Modal::getKursModalByCurrency(), 1 passed in D:\xampp\htdocs\moneychanger\Web\system\CodeIgniter.php on line 928 and exactly 2 expected
#0 D:\xampp\htdocs\moneychanger\Web\system\CodeIgniter.php(928): App\Controllers\Kurs\Modal->getKursModalByCurrency('11')
#1 D:\xampp\htdocs\moneychanger\Web\system\CodeIgniter.php(436): CodeIgniter\CodeIgniter->runController(Object(App\Controllers\Kurs\Modal))
#2 D:\xampp\htdocs\moneychanger\Web\system\CodeIgniter.php(336): CodeIgniter\CodeIgniter->handleRequest(NULL, Object(Config\Cache), false)
#3 D:\xampp\htdocs\moneychanger\Web\index.php(45): CodeIgniter\CodeIgniter->run()
#4 {main}
CRITICAL - 2022-11-22 09:18:15 --> Too few arguments to function App\Controllers\Kurs\Modal::getKursModalByCurrency(), 1 passed in D:\xampp\htdocs\moneychanger\Web\system\CodeIgniter.php on line 928 and exactly 2 expected
#0 D:\xampp\htdocs\moneychanger\Web\system\CodeIgniter.php(928): App\Controllers\Kurs\Modal->getKursModalByCurrency('11')
#1 D:\xampp\htdocs\moneychanger\Web\system\CodeIgniter.php(436): CodeIgniter\CodeIgniter->runController(Object(App\Controllers\Kurs\Modal))
#2 D:\xampp\htdocs\moneychanger\Web\system\CodeIgniter.php(336): CodeIgniter\CodeIgniter->handleRequest(NULL, Object(Config\Cache), false)
#3 D:\xampp\htdocs\moneychanger\Web\index.php(45): CodeIgniter\CodeIgniter->run()
#4 {main}
CRITICAL - 2022-11-22 09:18:52 --> Too few arguments to function App\Controllers\Kurs\Modal::getKursModalByCurrency(), 1 passed in D:\xampp\htdocs\moneychanger\Web\system\CodeIgniter.php on line 928 and exactly 2 expected
#0 D:\xampp\htdocs\moneychanger\Web\system\CodeIgniter.php(928): App\Controllers\Kurs\Modal->getKursModalByCurrency('11')
#1 D:\xampp\htdocs\moneychanger\Web\system\CodeIgniter.php(436): CodeIgniter\CodeIgniter->runController(Object(App\Controllers\Kurs\Modal))
#2 D:\xampp\htdocs\moneychanger\Web\system\CodeIgniter.php(336): CodeIgniter\CodeIgniter->handleRequest(NULL, Object(Config\Cache), false)
#3 D:\xampp\htdocs\moneychanger\Web\index.php(45): CodeIgniter\CodeIgniter->run()
#4 {main}
CRITICAL - 2022-11-22 09:21:33 --> Too few arguments to function App\Controllers\Kurs\Modal::getKursModalByCurrency(), 1 passed in D:\xampp\htdocs\moneychanger\Web\system\CodeIgniter.php on line 928 and exactly 2 expected
#0 D:\xampp\htdocs\moneychanger\Web\system\CodeIgniter.php(928): App\Controllers\Kurs\Modal->getKursModalByCurrency('11')
#1 D:\xampp\htdocs\moneychanger\Web\system\CodeIgniter.php(436): CodeIgniter\CodeIgniter->runController(Object(App\Controllers\Kurs\Modal))
#2 D:\xampp\htdocs\moneychanger\Web\system\CodeIgniter.php(336): CodeIgniter\CodeIgniter->handleRequest(NULL, Object(Config\Cache), false)
#3 D:\xampp\htdocs\moneychanger\Web\index.php(45): CodeIgniter\CodeIgniter->run()
#4 {main}
CRITICAL - 2022-11-22 09:24:13 --> Too few arguments to function App\Controllers\Kurs\Modal::getKursModalByCurrency(), 1 passed in D:\xampp\htdocs\moneychanger\Web\system\CodeIgniter.php on line 928 and exactly 2 expected
#0 D:\xampp\htdocs\moneychanger\Web\system\CodeIgniter.php(928): App\Controllers\Kurs\Modal->getKursModalByCurrency('11')
#1 D:\xampp\htdocs\moneychanger\Web\system\CodeIgniter.php(436): CodeIgniter\CodeIgniter->runController(Object(App\Controllers\Kurs\Modal))
#2 D:\xampp\htdocs\moneychanger\Web\system\CodeIgniter.php(336): CodeIgniter\CodeIgniter->handleRequest(NULL, Object(Config\Cache), false)
#3 D:\xampp\htdocs\moneychanger\Web\index.php(45): CodeIgniter\CodeIgniter->run()
#4 {main}
CRITICAL - 2022-11-22 09:27:47 --> Too few arguments to function App\Controllers\Kurs\Modal::getKursModalByCurrency(), 1 passed in D:\xampp\htdocs\moneychanger\Web\system\CodeIgniter.php on line 928 and exactly 2 expected
#0 D:\xampp\htdocs\moneychanger\Web\system\CodeIgniter.php(928): App\Controllers\Kurs\Modal->getKursModalByCurrency('11')
#1 D:\xampp\htdocs\moneychanger\Web\system\CodeIgniter.php(436): CodeIgniter\CodeIgniter->runController(Object(App\Controllers\Kurs\Modal))
#2 D:\xampp\htdocs\moneychanger\Web\system\CodeIgniter.php(336): CodeIgniter\CodeIgniter->handleRequest(NULL, Object(Config\Cache), false)
#3 D:\xampp\htdocs\moneychanger\Web\index.php(45): CodeIgniter\CodeIgniter->run()
#4 {main}
CRITICAL - 2022-11-22 09:28:12 --> Too few arguments to function App\Controllers\Kurs\Modal::getKursModalByCurrency(), 1 passed in D:\xampp\htdocs\moneychanger\Web\system\CodeIgniter.php on line 928 and exactly 2 expected
#0 D:\xampp\htdocs\moneychanger\Web\system\CodeIgniter.php(928): App\Controllers\Kurs\Modal->getKursModalByCurrency('11')
#1 D:\xampp\htdocs\moneychanger\Web\system\CodeIgniter.php(436): CodeIgniter\CodeIgniter->runController(Object(App\Controllers\Kurs\Modal))
#2 D:\xampp\htdocs\moneychanger\Web\system\CodeIgniter.php(336): CodeIgniter\CodeIgniter->handleRequest(NULL, Object(Config\Cache), false)
#3 D:\xampp\htdocs\moneychanger\Web\index.php(45): CodeIgniter\CodeIgniter->run()
#4 {main}
CRITICAL - 2022-11-22 09:29:09 --> Too few arguments to function App\Controllers\Kurs\Modal::getKursModalByCurrency(), 1 passed in D:\xampp\htdocs\moneychanger\Web\system\CodeIgniter.php on line 928 and exactly 2 expected
#0 D:\xampp\htdocs\moneychanger\Web\system\CodeIgniter.php(928): App\Controllers\Kurs\Modal->getKursModalByCurrency('11')
#1 D:\xampp\htdocs\moneychanger\Web\system\CodeIgniter.php(436): CodeIgniter\CodeIgniter->runController(Object(App\Controllers\Kurs\Modal))
#2 D:\xampp\htdocs\moneychanger\Web\system\CodeIgniter.php(336): CodeIgniter\CodeIgniter->handleRequest(NULL, Object(Config\Cache), false)
#3 D:\xampp\htdocs\moneychanger\Web\index.php(45): CodeIgniter\CodeIgniter->run()
#4 {main}
CRITICAL - 2022-11-22 09:29:51 --> Too few arguments to function App\Controllers\Kurs\Modal::getKursModalByCurrency(), 1 passed in D:\xampp\htdocs\moneychanger\Web\system\CodeIgniter.php on line 928 and exactly 2 expected
#0 D:\xampp\htdocs\moneychanger\Web\system\CodeIgniter.php(928): App\Controllers\Kurs\Modal->getKursModalByCurrency('11')
#1 D:\xampp\htdocs\moneychanger\Web\system\CodeIgniter.php(436): CodeIgniter\CodeIgniter->runController(Object(App\Controllers\Kurs\Modal))
#2 D:\xampp\htdocs\moneychanger\Web\system\CodeIgniter.php(336): CodeIgniter\CodeIgniter->handleRequest(NULL, Object(Config\Cache), false)
#3 D:\xampp\htdocs\moneychanger\Web\index.php(45): CodeIgniter\CodeIgniter->run()
#4 {main}
CRITICAL - 2022-11-22 09:32:55 --> Too few arguments to function App\Controllers\Kurs\Modal::getKursModalByCurrency(), 1 passed in D:\xampp\htdocs\moneychanger\Web\system\CodeIgniter.php on line 928 and exactly 2 expected
#0 D:\xampp\htdocs\moneychanger\Web\system\CodeIgniter.php(928): App\Controllers\Kurs\Modal->getKursModalByCurrency('11')
#1 D:\xampp\htdocs\moneychanger\Web\system\CodeIgniter.php(436): CodeIgniter\CodeIgniter->runController(Object(App\Controllers\Kurs\Modal))
#2 D:\xampp\htdocs\moneychanger\Web\system\CodeIgniter.php(336): CodeIgniter\CodeIgniter->handleRequest(NULL, Object(Config\Cache), false)
#3 D:\xampp\htdocs\moneychanger\Web\index.php(45): CodeIgniter\CodeIgniter->run()
#4 {main}
CRITICAL - 2022-11-22 09:39:21 --> Too few arguments to function App\Controllers\Kurs\Modal::getKursModalByCurrency(), 1 passed in D:\xampp\htdocs\moneychanger\Web\system\CodeIgniter.php on line 928 and exactly 2 expected
#0 D:\xampp\htdocs\moneychanger\Web\system\CodeIgniter.php(928): App\Controllers\Kurs\Modal->getKursModalByCurrency('11')
#1 D:\xampp\htdocs\moneychanger\Web\system\CodeIgniter.php(436): CodeIgniter\CodeIgniter->runController(Object(App\Controllers\Kurs\Modal))
#2 D:\xampp\htdocs\moneychanger\Web\system\CodeIgniter.php(336): CodeIgniter\CodeIgniter->handleRequest(NULL, Object(Config\Cache), false)
#3 D:\xampp\htdocs\moneychanger\Web\index.php(45): CodeIgniter\CodeIgniter->run()
#4 {main}
CRITICAL - 2022-11-22 23:18:44 --> Class 'App\Controllers\Manajemen\Openclosebranch' not found
#0 D:\xampp\htdocs\eVote\system\CodeIgniter.php(901): App\Controllers\BaseController->initController(Object(CodeIgniter\HTTP\IncomingRequest), Object(CodeIgniter\HTTP\Response), Object(CodeIgniter\Log\Logger))
#1 D:\xampp\htdocs\eVote\system\CodeIgniter.php(426): CodeIgniter\CodeIgniter->createController()
#2 D:\xampp\htdocs\eVote\system\CodeIgniter.php(336): CodeIgniter\CodeIgniter->handleRequest(NULL, Object(Config\Cache), false)
#3 D:\xampp\htdocs\eVote\index.php(45): CodeIgniter\CodeIgniter->run()
#4 {main}
CRITICAL - 2022-11-22 23:18:48 --> Class 'App\Controllers\Manajemen\Openclosebranch' not found
#0 D:\xampp\htdocs\eVote\system\CodeIgniter.php(901): App\Controllers\BaseController->initController(Object(CodeIgniter\HTTP\IncomingRequest), Object(CodeIgniter\HTTP\Response), Object(CodeIgniter\Log\Logger))
#1 D:\xampp\htdocs\eVote\system\CodeIgniter.php(426): CodeIgniter\CodeIgniter->createController()
#2 D:\xampp\htdocs\eVote\system\CodeIgniter.php(336): CodeIgniter\CodeIgniter->handleRequest(NULL, Object(Config\Cache), false)
#3 D:\xampp\htdocs\eVote\index.php(45): CodeIgniter\CodeIgniter->run()
#4 {main}
CRITICAL - 2022-11-22 23:19:46 --> Class 'App\Controllers\Manajemen\Openclosebranch' not found
#0 D:\xampp\htdocs\eVote\system\CodeIgniter.php(901): App\Controllers\BaseController->initController(Object(CodeIgniter\HTTP\IncomingRequest), Object(CodeIgniter\HTTP\Response), Object(CodeIgniter\Log\Logger))
#1 D:\xampp\htdocs\eVote\system\CodeIgniter.php(426): CodeIgniter\CodeIgniter->createController()
#2 D:\xampp\htdocs\eVote\system\CodeIgniter.php(336): CodeIgniter\CodeIgniter->handleRequest(NULL, Object(Config\Cache), false)
#3 D:\xampp\htdocs\eVote\index.php(45): CodeIgniter\CodeIgniter->run()
#4 {main}
CRITICAL - 2022-11-22 23:20:04 --> Class 'App\Controllers\URLHelper' not found
#0 D:\xampp\htdocs\eVote\system\CodeIgniter.php(901): App\Controllers\BaseController->initController(Object(CodeIgniter\HTTP\IncomingRequest), Object(CodeIgniter\HTTP\Response), Object(CodeIgniter\Log\Logger))
#1 D:\xampp\htdocs\eVote\system\CodeIgniter.php(426): CodeIgniter\CodeIgniter->createController()
#2 D:\xampp\htdocs\eVote\system\CodeIgniter.php(336): CodeIgniter\CodeIgniter->handleRequest(NULL, Object(Config\Cache), false)
#3 D:\xampp\htdocs\eVote\index.php(45): CodeIgniter\CodeIgniter->run()
#4 {main}
