CRITICAL - 2023-01-26 04:21:00 --> The framework needs the following extension(s) installed and loaded: intl.
#0 C:\xampp\htdocs\eVote\system\CodeIgniter.php(228): CodeIgniter\Exceptions\FrameworkException::forMissingExtension('intl')
#1 C:\xampp\htdocs\eVote\system\CodeIgniter.php(180): CodeIgniter\CodeIgniter->resolvePlatformExtensions()
#2 C:\xampp\htdocs\eVote\system\bootstrap.php(157): CodeIgniter\CodeIgniter->initialize()
#3 C:\xampp\htdocs\eVote\index.php(36): require('C:\\xampp\\htdocs...')
#4 {main}
CRITICAL - 2023-01-26 04:21:29 --> The framework needs the following extension(s) installed and loaded: intl.
#0 C:\xampp\htdocs\eVote\system\CodeIgniter.php(228): CodeIgniter\Exceptions\FrameworkException::forMissingExtension('intl')
#1 C:\xampp\htdocs\eVote\system\CodeIgniter.php(180): CodeIgniter\CodeIgniter->resolvePlatformExtensions()
#2 C:\xampp\htdocs\eVote\system\bootstrap.php(157): CodeIgniter\CodeIgniter->initialize()
#3 C:\xampp\htdocs\eVote\index.php(36): require('C:\\xampp\\htdocs...')
#4 {main}
CRITICAL - 2023-01-26 04:21:38 --> The framework needs the following extension(s) installed and loaded: intl.
#0 C:\xampp\htdocs\eVote\system\CodeIgniter.php(228): CodeIgniter\Exceptions\FrameworkException::forMissingExtension('intl')
#1 C:\xampp\htdocs\eVote\system\CodeIgniter.php(180): CodeIgniter\CodeIgniter->resolvePlatformExtensions()
#2 C:\xampp\htdocs\eVote\system\bootstrap.php(157): CodeIgniter\CodeIgniter->initialize()
#3 C:\xampp\htdocs\eVote\index.php(36): require('C:\\xampp\\htdocs...')
#4 {main}
CRITICAL - 2023-01-26 04:22:08 --> The framework needs the following extension(s) installed and loaded: intl.
#0 C:\xampp\htdocs\eVote\system\CodeIgniter.php(228): CodeIgniter\Exceptions\FrameworkException::forMissingExtension('intl')
#1 C:\xampp\htdocs\eVote\system\CodeIgniter.php(180): CodeIgniter\CodeIgniter->resolvePlatformExtensions()
#2 C:\xampp\htdocs\eVote\system\bootstrap.php(157): CodeIgniter\CodeIgniter->initialize()
#3 C:\xampp\htdocs\eVote\index.php(36): require('C:\\xampp\\htdocs...')
#4 {main}
CRITICAL - 2023-01-26 10:25:49 --> Trying to access array offset on value of type null
#0 C:\xampp\htdocs\eVote\app\Controllers\Main.php(148): CodeIgniter\Debug\Exceptions->errorHandler(8, 'Trying to acces...', 'C:\\xampp\\htdocs...', 148, Array)
#1 C:\xampp\htdocs\eVote\system\CodeIgniter.php(928): App\Controllers\Main->logout()
#2 C:\xampp\htdocs\eVote\system\CodeIgniter.php(436): CodeIgniter\CodeIgniter->runController(Object(App\Controllers\Main))
#3 C:\xampp\htdocs\eVote\system\CodeIgniter.php(336): CodeIgniter\CodeIgniter->handleRequest(NULL, Object(Config\Cache), false)
#4 C:\xampp\htdocs\eVote\index.php(45): CodeIgniter\CodeIgniter->run()
#5 {main}
CRITICAL - 2023-01-26 10:26:16 --> Undefined variable: successMessage
#0 C:\xampp\htdocs\eVote\app\Controllers\Main.php(31): CodeIgniter\Debug\Exceptions->errorHandler(8, 'Undefined varia...', 'C:\\xampp\\htdocs...', 31, Array)
#1 C:\xampp\htdocs\eVote\system\CodeIgniter.php(928): App\Controllers\Main->sendOTP()
#2 C:\xampp\htdocs\eVote\system\CodeIgniter.php(436): CodeIgniter\CodeIgniter->runController(Object(App\Controllers\Main))
#3 C:\xampp\htdocs\eVote\system\CodeIgniter.php(336): CodeIgniter\CodeIgniter->handleRequest(NULL, Object(Config\Cache), false)
#4 C:\xampp\htdocs\eVote\index.php(45): CodeIgniter\CodeIgniter->run()
#5 {main}
CRITICAL - 2023-01-26 10:26:36 --> Undefined variable: successMessage
#0 C:\xampp\htdocs\eVote\app\Controllers\Main.php(31): CodeIgniter\Debug\Exceptions->errorHandler(8, 'Undefined varia...', 'C:\\xampp\\htdocs...', 31, Array)
#1 C:\xampp\htdocs\eVote\system\CodeIgniter.php(928): App\Controllers\Main->sendOTP()
#2 C:\xampp\htdocs\eVote\system\CodeIgniter.php(436): CodeIgniter\CodeIgniter->runController(Object(App\Controllers\Main))
#3 C:\xampp\htdocs\eVote\system\CodeIgniter.php(336): CodeIgniter\CodeIgniter->handleRequest(NULL, Object(Config\Cache), false)
#4 C:\xampp\htdocs\eVote\index.php(45): CodeIgniter\CodeIgniter->run()
#5 {main}
CRITICAL - 2023-01-26 12:47:51 --> syntax error, unexpected ';', expecting ')'
#0 C:\xampp\htdocs\eVote\system\Autoloader\Autoloader.php(273): CodeIgniter\Autoloader\Autoloader->includeFile('C:\\xampp\\htdocs...')
#1 C:\xampp\htdocs\eVote\system\Autoloader\Autoloader.php(247): CodeIgniter\Autoloader\Autoloader->loadInNamespace('App\\Controllers...')
#2 [internal function]: CodeIgniter\Autoloader\Autoloader->loadClass('App\\Controllers...')
#3 [internal function]: spl_autoload_call('App\\Controllers...')
#4 C:\xampp\htdocs\eVote\system\CodeIgniter.php(885): class_exists('\\App\\Controller...', true)
#5 C:\xampp\htdocs\eVote\system\CodeIgniter.php(421): CodeIgniter\CodeIgniter->startController()
#6 C:\xampp\htdocs\eVote\system\CodeIgniter.php(336): CodeIgniter\CodeIgniter->handleRequest(NULL, Object(Config\Cache), false)
#7 C:\xampp\htdocs\eVote\index.php(45): CodeIgniter\CodeIgniter->run()
#8 {main}
